## Module report - date 6/16/2012 7:28:18 PM
## Created by Pcbnew version pcbnew (2011-12-28 BZR 3254)-stable
## Unit = inches, Angle = deg.
##

$BeginDESCRIPTION

$BOARD
unit INCH
upper_left_corner  0.943900  0.994200
lower_right_corner  4.614100  3.275100
$EndBOARD

$MODULE "P6"
reference "P6"
value "GND_SERVO"
footprint "Header_Servo"
attribut smd
position  1.800000  2.700000
orientation  90.00
layer component
$SHAPE3D
Na "aLaMode_Libs/3D Modules/pin_strip_8.wrl"
Sc 1.000000 1.000000 1.000000
Of 0.000000 0.000000 0.000000
Ro 0.000000 0.000000 0.000000
$EndSHAPE3D
$PAD "1"
position -0.350000  0.000000
size  0.060000  0.060000
drill  0.040000
shape_offset  0.000000  0.000000
orientation  0.00
Shape  Circ
Layer  all
$EndPAD
$PAD "2"
position -0.250000  0.000000
size  0.060000  0.060000
drill  0.040000
shape_offset  0.000000  0.000000
orientation  0.00
Shape  Circ
Layer  all
$EndPAD
$PAD "3"
position -0.150000  0.000000
size  0.060000  0.060000
drill  0.040000
shape_offset  0.000000  0.000000
orientation  0.00
Shape  Circ
Layer  all
$EndPAD
$PAD "4"
position -0.050000  0.000000
size  0.060000  0.060000
drill  0.040000
shape_offset  0.000000  0.000000
orientation  0.00
Shape  Circ
Layer  all
$EndPAD
$PAD "5"
position  0.050000  0.000000
size  0.060000  0.060000
drill  0.040000
shape_offset  0.000000  0.000000
orientation  0.00
Shape  Circ
Layer  all
$EndPAD
$PAD "6"
position  0.150000  0.000000
size  0.060000  0.060000
drill  0.040000
shape_offset  0.000000  0.000000
orientation  0.00
Shape  Circ
Layer  all
$EndPAD
$PAD "7"
position  0.250000  0.000000
size  0.060000  0.060000
drill  0.040000
shape_offset  0.000000  0.000000
orientation  0.00
Shape  Circ
Layer  all
$EndPAD
$PAD "8"
position  0.350000  0.000000
size  0.060000  0.060000
drill  0.040000
shape_offset  0.000000  0.000000
orientation  0.00
Shape  Circ
Layer  all
$EndPAD
$EndMODULE  P6

$MODULE "P5"
reference "P5"
value "5V_SERVO"
footprint "Header_Servo"
attribut smd
position  1.900000  2.700000
orientation  90.00
layer component
$SHAPE3D
Na "aLaMode_Libs/3D Modules/pin_strip_8.wrl"
Sc 1.000000 1.000000 1.000000
Of 0.000000 0.000000 0.000000
Ro 0.000000 0.000000 0.000000
$EndSHAPE3D
$PAD "1"
position -0.350000  0.000000
size  0.060000  0.060000
drill  0.040000
shape_offset  0.000000  0.000000
orientation  0.00
Shape  Circ
Layer  all
$EndPAD
$PAD "2"
position -0.250000  0.000000
size  0.060000  0.060000
drill  0.040000
shape_offset  0.000000  0.000000
orientation  0.00
Shape  Circ
Layer  all
$EndPAD
$PAD "3"
position -0.150000  0.000000
size  0.060000  0.060000
drill  0.040000
shape_offset  0.000000  0.000000
orientation  0.00
Shape  Circ
Layer  all
$EndPAD
$PAD "4"
position -0.050000  0.000000
size  0.060000  0.060000
drill  0.040000
shape_offset  0.000000  0.000000
orientation  0.00
Shape  Circ
Layer  all
$EndPAD
$PAD "5"
position  0.050000  0.000000
size  0.060000  0.060000
drill  0.040000
shape_offset  0.000000  0.000000
orientation  0.00
Shape  Circ
Layer  all
$EndPAD
$PAD "6"
position  0.150000  0.000000
size  0.060000  0.060000
drill  0.040000
shape_offset  0.000000  0.000000
orientation  0.00
Shape  Circ
Layer  all
$EndPAD
$PAD "7"
position  0.250000  0.000000
size  0.060000  0.060000
drill  0.040000
shape_offset  0.000000  0.000000
orientation  0.00
Shape  Circ
Layer  all
$EndPAD
$PAD "8"
position  0.350000  0.000000
size  0.060000  0.060000
drill  0.040000
shape_offset  0.000000  0.000000
orientation  0.00
Shape  Circ
Layer  all
$EndPAD
$EndMODULE  P5

$MODULE "P10"
reference "P10"
value "V_IN"
footprint "JACK_ALIM"
attribut smd
position  1.310000  2.845000
orientation  0.00
layer component
$SHAPE3D
Na "aLaMode_Libs/3D Modules/POWER_21.wrl"
Sc 0.800000 0.800000 0.800000
Of 0.000000 0.000000 0.150000
Ro 0.000000 0.000000 0.000000
$EndSHAPE3D
$PAD "2"
position  0.000000  0.000000
size  0.150000  0.150000
drill  0.100000
shape_offset  0.000000  0.000000
orientation  0.00
Shape  Circ
Layer  all
$EndPAD
$PAD "1"
position  0.240000  0.000000
size  0.150000  0.150000
drill  0.100000
shape_offset  0.000000  0.000000
orientation  0.00
Shape  Rect
Layer  all
$EndPAD
$PAD "3"
position  0.125000  0.200000
size  0.200000  0.120000
drill  0.100000
shape_offset  0.000000  0.000000
orientation  0.00
Shape  Oval
Layer  all
$EndPAD
$EndMODULE  P10

$MODULE "D5"
reference "D5"
value "DIODESCH"
footprint "d_0805"
attribut smd
position  1.665000  2.582500
orientation  270.00
layer component
$SHAPE3D
Na "aLaMode_Libs/3D Modules/sod323.wrl"
Sc 1.200000 1.500000 0.800000
Of 0.000000 0.000000 0.000000
Ro 0.000000 0.000000 0.000000
$EndSHAPE3D
$PAD "1"
position  0.040000  0.000000
size  0.040000  0.050000
drill  0.000000
shape_offset  0.000000  0.000000
orientation  0.00
Shape  Rect
Layer  component
$EndPAD
$PAD "2"
position -0.040000  0.000000
size  0.040000  0.050000
drill  0.000000
shape_offset  0.000000  0.000000
orientation  0.00
Shape  Rect
Layer  component
$EndPAD
$EndMODULE  D5

$MODULE "C15"
reference "C15"
value "1n"
footprint "c_0805"
attribut smd
position  1.225000  2.582500
orientation  270.00
layer component
$SHAPE3D
Na "aLaMode_Libs/3D Modules/c_tant_B.wrl"
Sc 0.600000 0.600000 0.500000
Of 0.000000 0.000000 0.000000
Ro 0.000000 0.000000 0.000000
$EndSHAPE3D
$PAD "1"
position  0.040000  0.000000
size  0.042000  0.056000
drill  0.000000
shape_offset  0.000000  0.000000
orientation  0.00
Shape  Rect
Layer  component
$EndPAD
$PAD "2"
position -0.040000  0.000000
size  0.042000  0.056000
drill  0.000000
shape_offset  0.000000  0.000000
orientation  0.00
Shape  Rect
Layer  component
$EndPAD
$EndMODULE  C15

$MODULE "F1"
reference "F1"
value "miniSMDC100F"
footprint "f_1812"
attribut smd
position  1.175000  2.845000
orientation  270.00
layer component
$SHAPE3D
Na "aLaMode_Libs/3D Modules/r_0805.wrl"
Sc 3.000000 2.000000 2.000000
Of 0.000000 0.000000 0.000000
Ro 0.000000 0.000000 0.000000
$EndSHAPE3D
$PAD "1"
position  0.120000  0.000000
size  0.066000  0.124000
drill  0.000000
shape_offset  0.000000  0.000000
orientation  0.00
Shape  Rect
Layer  component
$EndPAD
$PAD "2"
position -0.120000  0.000000
size  0.066000  0.124000
drill  0.000000
shape_offset  0.000000  0.000000
orientation  0.00
Shape  Rect
Layer  component
$EndPAD
$EndMODULE  F1

$MODULE "D7"
reference "D7"
value "SMBJ5.0CA-TR"
footprint "diode-DO214AA"
attribut smd
position  1.157500  3.002500
orientation  0.00
layer copper
$SHAPE3D
Na "aLaMode_Libs/3D Modules/do214aa.wrl"
Sc 1.000000 1.000000 1.000000
Of 0.000000 0.000000 0.000000
Ro 0.000000 0.000000 0.000000
$EndSHAPE3D
$PAD "2"
position  0.075000  0.000000
size  0.070000  0.087500
drill  0.000000
shape_offset  0.000000  0.000000
orientation  0.00
Shape  Rect
Layer  copper
$EndPAD
$PAD "1"
position -0.075000  0.000000
size  0.070000  0.087500
drill  0.000000
shape_offset  0.000000  0.000000
orientation  0.00
Shape  Rect
Layer  copper
$EndPAD
$EndMODULE  D7

$MODULE "C16"
reference "C16"
value "10n"
footprint "c_0805"
attribut smd
position  1.765000  2.192500
orientation  90.00
layer component
$SHAPE3D
Na "aLaMode_Libs/3D Modules/c_tant_B.wrl"
Sc 0.600000 0.600000 0.500000
Of 0.000000 0.000000 0.000000
Ro 0.000000 0.000000 0.000000
$EndSHAPE3D
$PAD "1"
position  0.040000  0.000000
size  0.042000  0.056000
drill  0.000000
shape_offset  0.000000  0.000000
orientation  0.00
Shape  Rect
Layer  component
$EndPAD
$PAD "2"
position -0.040000  0.000000
size  0.042000  0.056000
drill  0.000000
shape_offset  0.000000  0.000000
orientation  0.00
Shape  Rect
Layer  component
$EndPAD
$EndMODULE  C16

$MODULE "D6"
reference "D6"
value "LED"
footprint "led_0805"
attribut smd
position  2.322500  1.987500
orientation  90.00
layer component
$SHAPE3D
Na "aLaMode_Libs/3D Modules/cree_clm3c.wrl"
Sc 0.750000 0.750000 0.750000
Of 0.000000 0.000000 0.000000
Ro 0.000000 0.000000 0.000000
$EndSHAPE3D
$PAD "1"
position  0.040000  0.000000
size  0.040000  0.050000
drill  0.000000
shape_offset  0.000000  0.000000
orientation  0.00
Shape  Rect
Layer  component
$EndPAD
$PAD "2"
position -0.040000  0.000000
size  0.040000  0.050000
drill  0.000000
shape_offset  0.000000  0.000000
orientation  0.00
Shape  Rect
Layer  component
$EndPAD
$EndMODULE  D6

$MODULE "D2"
reference "D2"
value "LED"
footprint "led_0805"
attribut smd
position  2.617500  1.987500
orientation  270.00
layer component
$SHAPE3D
Na "aLaMode_Libs/3D Modules/cree_clm3c.wrl"
Sc 0.750000 0.750000 0.750000
Of 0.000000 0.000000 0.000000
Ro 0.000000 0.000000 0.000000
$EndSHAPE3D
$PAD "1"
position  0.040000  0.000000
size  0.040000  0.050000
drill  0.000000
shape_offset  0.000000  0.000000
orientation  0.00
Shape  Rect
Layer  component
$EndPAD
$PAD "2"
position -0.040000  0.000000
size  0.040000  0.050000
drill  0.000000
shape_offset  0.000000  0.000000
orientation  0.00
Shape  Rect
Layer  component
$EndPAD
$EndMODULE  D2

$MODULE "D1"
reference "D1"
value "LED"
footprint "led_0805"
attribut smd
position  2.517500  1.987500
orientation  270.00
layer component
$SHAPE3D
Na "aLaMode_Libs/3D Modules/cree_clm3c.wrl"
Sc 0.750000 0.750000 0.750000
Of 0.000000 0.000000 0.000000
Ro 0.000000 0.000000 0.000000
$EndSHAPE3D
$PAD "1"
position  0.040000  0.000000
size  0.040000  0.050000
drill  0.000000
shape_offset  0.000000  0.000000
orientation  0.00
Shape  Rect
Layer  component
$EndPAD
$PAD "2"
position -0.040000  0.000000
size  0.040000  0.050000
drill  0.000000
shape_offset  0.000000  0.000000
orientation  0.00
Shape  Rect
Layer  component
$EndPAD
$EndMODULE  D1

$MODULE "U6"
reference "U6"
value "TSX0108"
footprint "tssop-20"
attribut smd
position  1.387500  1.520000
orientation  0.00
layer copper
$SHAPE3D
Na "aLaMode_Libs/3D Modules/tssop-20.wrl"
Sc 1.000000 1.000000 1.000000
Of 0.000000 0.000000 0.000000
Ro 0.000000 0.000000 0.000000
$EndSHAPE3D
$PAD "5"
position -0.012800 -0.110200
size  0.016500  0.057900
drill  0.000000
shape_offset  0.000000  0.000000
orientation  0.00
Shape  Rect
Layer  copper
$EndPAD
$PAD "6"
position  0.012800 -0.110200
size  0.016500  0.057900
drill  0.000000
shape_offset  0.000000  0.000000
orientation  0.00
Shape  Rect
Layer  copper
$EndPAD
$PAD "7"
position  0.038400 -0.110200
size  0.016500  0.057900
drill  0.000000
shape_offset  0.000000  0.000000
orientation  0.00
Shape  Rect
Layer  copper
$EndPAD
$PAD "8"
position  0.064000 -0.110200
size  0.016500  0.057900
drill  0.000000
shape_offset  0.000000  0.000000
orientation  0.00
Shape  Rect
Layer  copper
$EndPAD
$PAD "19"
position -0.089200  0.110000
size  0.016500  0.057900
drill  0.000000
shape_offset  0.000000  0.000000
orientation  0.00
Shape  Rect
Layer  copper
$EndPAD
$PAD "2"
position -0.089600 -0.110200
size  0.016500  0.057900
drill  0.000000
shape_offset  0.000000  0.000000
orientation  0.00
Shape  Rect
Layer  copper
$EndPAD
$PAD "3"
position -0.064000 -0.110200
size  0.016500  0.057900
drill  0.000000
shape_offset  0.000000  0.000000
orientation  0.00
Shape  Rect
Layer  copper
$EndPAD
$PAD "4"
position -0.038400 -0.110200
size  0.016500  0.057900
drill  0.000000
shape_offset  0.000000  0.000000
orientation  0.00
Shape  Rect
Layer  copper
$EndPAD
$PAD "12"
position  0.089600  0.110200
size  0.016500  0.057900
drill  0.000000
shape_offset  0.000000  0.000000
orientation  0.00
Shape  Rect
Layer  copper
$EndPAD
$PAD "13"
position  0.064000  0.110200
size  0.016500  0.057900
drill  0.000000
shape_offset  0.000000  0.000000
orientation  0.00
Shape  Rect
Layer  copper
$EndPAD
$PAD "14"
position  0.038400  0.110200
size  0.016500  0.057900
drill  0.000000
shape_offset  0.000000  0.000000
orientation  0.00
Shape  Rect
Layer  copper
$EndPAD
$PAD "15"
position  0.012800  0.110200
size  0.016500  0.057900
drill  0.000000
shape_offset  0.000000  0.000000
orientation  0.00
Shape  Rect
Layer  copper
$EndPAD
$PAD "16"
position -0.012800  0.110200
size  0.016500  0.057900
drill  0.000000
shape_offset  0.000000  0.000000
orientation  0.00
Shape  Rect
Layer  copper
$EndPAD
$PAD "17"
position -0.038400  0.110200
size  0.016500  0.057900
drill  0.000000
shape_offset  0.000000  0.000000
orientation  0.00
Shape  Rect
Layer  copper
$EndPAD
$PAD "9"
position  0.089600 -0.110200
size  0.016500  0.057900
drill  0.000000
shape_offset  0.000000  0.000000
orientation  0.00
Shape  Rect
Layer  copper
$EndPAD
$PAD "18"
position -0.064000  0.110000
size  0.016500  0.057900
drill  0.000000
shape_offset  0.000000  0.000000
orientation  0.00
Shape  Rect
Layer  copper
$EndPAD
$PAD "1"
position -0.115200 -0.110200
size  0.016500  0.057900
drill  0.000000
shape_offset  0.000000  0.000000
orientation  0.00
Shape  Rect
Layer  copper
$EndPAD
$PAD "10"
position  0.115200 -0.110200
size  0.016500  0.057900
drill  0.000000
shape_offset  0.000000  0.000000
orientation  0.00
Shape  Rect
Layer  copper
$EndPAD
$PAD "11"
position  0.115200  0.110200
size  0.016500  0.057900
drill  0.000000
shape_offset  0.000000  0.000000
orientation  0.00
Shape  Rect
Layer  copper
$EndPAD
$PAD "20"
position -0.115200  0.110200
size  0.016500  0.057900
drill  0.000000
shape_offset  0.000000  0.000000
orientation  0.00
Shape  Rect
Layer  copper
$EndPAD
$EndMODULE  U6

$MODULE "R13"
reference "R13"
value "10k"
footprint "r_0805"
attribut smd
position  1.245000  1.902500
orientation  180.00
layer copper
$SHAPE3D
Na "aLaMode_Libs/3D Modules/r_0805.wrl"
Sc 1.000000 1.000000 1.000000
Of 0.000000 0.000000 0.000000
Ro 0.000000 0.000000 0.000000
$EndSHAPE3D
$PAD "1"
position  0.037500  0.000000
size  0.051200  0.059000
drill  0.000000
shape_offset  0.000000  0.000000
orientation  0.00
Shape  Rect
Layer  copper
$EndPAD
$PAD "2"
position -0.037500  0.000000
size  0.051200  0.059000
drill  0.000000
shape_offset  0.000000  0.000000
orientation  0.00
Shape  Rect
Layer  copper
$EndPAD
$EndMODULE  R13

$MODULE "C14"
reference "C14"
value "100n"
footprint "c_0805"
attribut smd
position  2.055000  1.625000
orientation  270.00
layer component
$SHAPE3D
Na "aLaMode_Libs/3D Modules/c_tant_B.wrl"
Sc 0.600000 0.600000 0.500000
Of 0.000000 0.000000 0.000000
Ro 0.000000 0.000000 0.000000
$EndSHAPE3D
$PAD "1"
position  0.040000  0.000000
size  0.042000  0.056000
drill  0.000000
shape_offset  0.000000  0.000000
orientation  0.00
Shape  Rect
Layer  component
$EndPAD
$PAD "2"
position -0.040000  0.000000
size  0.042000  0.056000
drill  0.000000
shape_offset  0.000000  0.000000
orientation  0.00
Shape  Rect
Layer  component
$EndPAD
$EndMODULE  C14

$MODULE "C13"
reference "C13"
value "100n"
footprint "c_0805"
attribut smd
position  1.142500  1.325000
orientation  180.00
layer copper
$SHAPE3D
Na "aLaMode_Libs/3D Modules/c_tant_B.wrl"
Sc 0.600000 0.600000 0.500000
Of 0.000000 0.000000 0.000000
Ro 0.000000 0.000000 0.000000
$EndSHAPE3D
$PAD "1"
position  0.040000  0.000000
size  0.042000  0.056000
drill  0.000000
shape_offset  0.000000  0.000000
orientation  0.00
Shape  Rect
Layer  copper
$EndPAD
$PAD "2"
position -0.040000  0.000000
size  0.042000  0.056000
drill  0.000000
shape_offset  0.000000  0.000000
orientation  0.00
Shape  Rect
Layer  copper
$EndPAD
$EndMODULE  C13

$MODULE "C12"
reference "C12"
value "100n"
footprint "c_0805"
attribut smd
position  1.142500  1.630000
orientation  180.00
layer copper
$SHAPE3D
Na "aLaMode_Libs/3D Modules/c_tant_B.wrl"
Sc 0.600000 0.600000 0.500000
Of 0.000000 0.000000 0.000000
Ro 0.000000 0.000000 0.000000
$EndSHAPE3D
$PAD "1"
position  0.040000  0.000000
size  0.042000  0.056000
drill  0.000000
shape_offset  0.000000  0.000000
orientation  0.00
Shape  Rect
Layer  copper
$EndPAD
$PAD "2"
position -0.040000  0.000000
size  0.042000  0.056000
drill  0.000000
shape_offset  0.000000  0.000000
orientation  0.00
Shape  Rect
Layer  copper
$EndPAD
$EndMODULE  C12

$MODULE "PCB1"
reference "PCB1"
value "PCB"
footprint "PCB"
attribut none
position  2.685000  2.067500
orientation  0.00
layer component
$SHAPE3D
Na "aLaMode_Libs/3D Modules/i2gps_PCB_Material_3D.wrl"
Sc 8.600000 5.450000 1.000000
Of 0.000000 0.000000 0.000000
Ro 0.000000 0.000000 0.000000
$EndSHAPE3D
$SHAPE3D
Na "aLaMode_Libs/3D Modules/R_pi.wrl"
Sc 0.990000 1.000000 0.950000
Of -0.465000 0.000000 -0.700000
Ro -90.000000 0.000000 0.000000
$EndSHAPE3D
$EndMODULE  PCB1

$MODULE "U2"
reference "U2"
value "74HC125"
footprint "SO14E"
attribut smd
position  1.837500  1.572500
orientation  270.00
layer component
$SHAPE3D
Na "aLaMode_Libs/3D Modules/cms_so14.wrl"
Sc 0.500000 0.350000 0.500000
Of 0.000000 0.000000 0.000000
Ro 0.000000 0.000000 0.000000
$EndSHAPE3D
$PAD "1"
position -0.150000  0.105000
size  0.019700  0.061000
drill  0.000000
shape_offset  0.000000  0.000000
orientation  0.00
Shape  Rect
Layer  component
$EndPAD
$PAD "2"
position -0.100000  0.105000
size  0.019700  0.061000
drill  0.000000
shape_offset  0.000000  0.000000
orientation  0.00
Shape  Rect
Layer  component
$EndPAD
$PAD "3"
position -0.050000  0.105000
size  0.019700  0.061000
drill  0.000000
shape_offset  0.000000  0.000000
orientation  0.00
Shape  Rect
Layer  component
$EndPAD
$PAD "4"
position  0.000000  0.105000
size  0.019700  0.061000
drill  0.000000
shape_offset  0.000000  0.000000
orientation  0.00
Shape  Rect
Layer  component
$EndPAD
$PAD "5"
position  0.050000  0.105000
size  0.019700  0.061000
drill  0.000000
shape_offset  0.000000  0.000000
orientation  0.00
Shape  Rect
Layer  component
$EndPAD
$PAD "6"
position  0.100000  0.105000
size  0.019700  0.061000
drill  0.000000
shape_offset  0.000000  0.000000
orientation  0.00
Shape  Rect
Layer  component
$EndPAD
$PAD "7"
position  0.150000  0.105000
size  0.019700  0.061000
drill  0.000000
shape_offset  0.000000  0.000000
orientation  0.00
Shape  Rect
Layer  component
$EndPAD
$PAD "8"
position  0.150000 -0.105000
size  0.019700  0.061000
drill  0.000000
shape_offset  0.000000  0.000000
orientation  0.00
Shape  Rect
Layer  component
$EndPAD
$PAD "9"
position  0.100000 -0.105000
size  0.019700  0.061000
drill  0.000000
shape_offset  0.000000  0.000000
orientation  0.00
Shape  Rect
Layer  component
$EndPAD
$PAD "10"
position  0.050000 -0.105000
size  0.019700  0.061000
drill  0.000000
shape_offset  0.000000  0.000000
orientation  0.00
Shape  Rect
Layer  component
$EndPAD
$PAD "11"
position  0.000000 -0.105000
size  0.019700  0.061000
drill  0.000000
shape_offset  0.000000  0.000000
orientation  0.00
Shape  Rect
Layer  component
$EndPAD
$PAD "12"
position -0.050000 -0.105000
size  0.019700  0.061000
drill  0.000000
shape_offset  0.000000  0.000000
orientation  0.00
Shape  Rect
Layer  component
$EndPAD
$PAD "13"
position -0.100000 -0.105000
size  0.019700  0.061000
drill  0.000000
shape_offset  0.000000  0.000000
orientation  0.00
Shape  Rect
Layer  component
$EndPAD
$PAD "14"
position -0.150000 -0.105000
size  0.019700  0.061000
drill  0.000000
shape_offset  0.000000  0.000000
orientation  0.00
Shape  Rect
Layer  component
$EndPAD
$EndMODULE  U2

$MODULE "SW1"
reference "SW1"
value "SW_PUSH"
footprint "SW_SMD"
attribut smd
position  2.242500  1.545000
orientation  270.00
layer component
$SHAPE3D
Na "aLaMode_Libs/3D Modules/pcb_push.wrl"
Sc 1.000000 0.400000 0.500000
Of 0.000000 0.000000 0.000000
Ro 0.000000 0.000000 0.000000
$EndSHAPE3D
$PAD "1"
position -0.102500  0.035000
size  0.059100  0.039400
drill  0.000000
shape_offset  0.000000  0.000000
orientation  0.00
Shape  Rect
Layer  component
$EndPAD
$PAD "1"
position  0.102500  0.035000
size  0.059100  0.039400
drill  0.000000
shape_offset  0.000000  0.000000
orientation  0.00
Shape  Rect
Layer  component
$EndPAD
$PAD "2"
position  0.102500 -0.035000
size  0.059100  0.039400
drill  0.000000
shape_offset  0.000000  0.000000
orientation  0.00
Shape  Rect
Layer  component
$EndPAD
$PAD "2"
position -0.102500 -0.035000
size  0.059100  0.039400
drill  0.000000
shape_offset  0.000000  0.000000
orientation  0.00
Shape  Rect
Layer  component
$EndPAD
$EndMODULE  SW1

$MODULE "C11"
reference "C11"
value "22p"
footprint "c_0805"
attribut smd
position  2.880000  1.987500
orientation  90.00
layer copper
$SHAPE3D
Na "aLaMode_Libs/3D Modules/c_tant_B.wrl"
Sc 0.600000 0.600000 0.500000
Of 0.000000 0.000000 0.000000
Ro 0.000000 0.000000 0.000000
$EndSHAPE3D
$PAD "1"
position  0.040000  0.000000
size  0.042000  0.056000
drill  0.000000
shape_offset  0.000000  0.000000
orientation  0.00
Shape  Rect
Layer  copper
$EndPAD
$PAD "2"
position -0.040000  0.000000
size  0.042000  0.056000
drill  0.000000
shape_offset  0.000000  0.000000
orientation  0.00
Shape  Rect
Layer  copper
$EndPAD
$EndMODULE  C11

$MODULE "C7"
reference "C7"
value "100n"
footprint "c_0805"
attribut smd
position  3.482500  1.420000
orientation  90.00
layer component
$SHAPE3D
Na "aLaMode_Libs/3D Modules/c_tant_B.wrl"
Sc 0.600000 0.600000 0.500000
Of 0.000000 0.000000 0.000000
Ro 0.000000 0.000000 0.000000
$EndSHAPE3D
$PAD "1"
position  0.040000  0.000000
size  0.042000  0.056000
drill  0.000000
shape_offset  0.000000  0.000000
orientation  0.00
Shape  Rect
Layer  component
$EndPAD
$PAD "2"
position -0.040000  0.000000
size  0.042000  0.056000
drill  0.000000
shape_offset  0.000000  0.000000
orientation  0.00
Shape  Rect
Layer  component
$EndPAD
$EndMODULE  C7

$MODULE "SD1"
reference "SD1"
value "SD_CARD_MICRO"
footprint "SD_Micro"
attribut smd
position  1.610000  1.522500
orientation  180.00
layer component
$SHAPE3D
Na "aLaMode_Libs/3D Modules/sd_socket.wrl"
Sc 0.500000 0.500000 0.500000
Of 0.300000 0.080000 0.000000
Ro 0.000000 0.000000 -90.000000
$EndSHAPE3D
$PAD "5"
position  0.000000  0.000000
size  0.060000  0.030000
drill  0.000000
shape_offset  0.000000  0.000000
orientation  0.00
Shape  Rect
Layer  component
$EndPAD
$PAD "6"
position  0.000000  0.043300
size  0.060000  0.030000
drill  0.000000
shape_offset  0.000000  0.000000
orientation  0.00
Shape  Rect
Layer  component
$EndPAD
$PAD "7"
position  0.000000  0.086600
size  0.060000  0.030000
drill  0.000000
shape_offset  0.000000  0.000000
orientation  0.00
Shape  Rect
Layer  component
$EndPAD
$PAD "8"
position  0.000000  0.129900
size  0.060000  0.030000
drill  0.000000
shape_offset  0.000000  0.000000
orientation  0.00
Shape  Rect
Layer  component
$EndPAD
$PAD "9"
position  0.000000  0.173200
size  0.060000  0.030000
drill  0.000000
shape_offset  0.000000  0.000000
orientation  0.00
Shape  Rect
Layer  component
$EndPAD
$PAD "4"
position  0.000000 -0.043300
size  0.060000  0.030000
drill  0.000000
shape_offset  0.000000  0.000000
orientation  0.00
Shape  Rect
Layer  component
$EndPAD
$PAD "3"
position  0.000000 -0.086600
size  0.060000  0.030000
drill  0.000000
shape_offset  0.000000  0.000000
orientation  0.00
Shape  Rect
Layer  component
$EndPAD
$PAD "2"
position  0.000000 -0.129900
size  0.060000  0.030000
drill  0.000000
shape_offset  0.000000  0.000000
orientation  0.00
Shape  Rect
Layer  component
$EndPAD
$PAD "1"
position  0.000000 -0.173200
size  0.060000  0.030000
drill  0.000000
shape_offset  0.000000  0.000000
orientation  0.00
Shape  Rect
Layer  component
$EndPAD
$PAD "G1"
position  0.023600  0.226200
size  0.060000  0.040000
drill  0.000000
shape_offset  0.000000  0.000000
orientation  0.00
Shape  Rect
Layer  component
$EndPAD
$PAD "G2"
position  0.408400  0.212600
size  0.080000  0.060000
drill  0.000000
shape_offset  0.000000  0.000000
orientation  0.00
Shape  Rect
Layer  component
$EndPAD
$PAD "G3"
position  0.408400 -0.393700
size  0.060000  0.040000
drill  0.000000
shape_offset  0.000000  0.000000
orientation  0.00
Shape  Rect
Layer  component
$EndPAD
$PAD "G4"
position  0.015400 -0.361500
size  0.060000  0.060000
drill  0.000000
shape_offset  0.000000  0.000000
orientation  0.00
Shape  Rect
Layer  component
$EndPAD
$PAD "H1"
position  0.430000  0.102500
size  0.045000  0.045000
drill  0.035000
shape_offset  0.000000  0.000000
orientation  0.00
Shape  Circ
Layer  all
$EndPAD
$PAD "H2"
position  0.430000 -0.212500
size  0.045000  0.045000
drill  0.035000
shape_offset  0.000000  0.000000
orientation  0.00
Shape  Circ
Layer  all
$EndPAD
$EndMODULE  SD1

$MODULE "C1"
reference "C1"
value "100n"
footprint "c_0805"
attribut smd
position  3.200000  2.472500
orientation  0.00
layer copper
$SHAPE3D
Na "aLaMode_Libs/3D Modules/c_tant_B.wrl"
Sc 0.600000 0.600000 0.500000
Of 0.000000 0.000000 0.000000
Ro 0.000000 0.000000 0.000000
$EndSHAPE3D
$PAD "1"
position  0.040000  0.000000
size  0.042000  0.056000
drill  0.000000
shape_offset  0.000000  0.000000
orientation  0.00
Shape  Rect
Layer  copper
$EndPAD
$PAD "2"
position -0.040000  0.000000
size  0.042000  0.056000
drill  0.000000
shape_offset  0.000000  0.000000
orientation  0.00
Shape  Rect
Layer  copper
$EndPAD
$EndMODULE  C1

$MODULE "C4"
reference "C4"
value "100n"
footprint "c_0805"
attribut smd
position  1.587500  2.352500
orientation  180.00
layer component
$SHAPE3D
Na "aLaMode_Libs/3D Modules/c_tant_B.wrl"
Sc 0.600000 0.600000 0.500000
Of 0.000000 0.000000 0.000000
Ro 0.000000 0.000000 0.000000
$EndSHAPE3D
$PAD "1"
position  0.040000  0.000000
size  0.042000  0.056000
drill  0.000000
shape_offset  0.000000  0.000000
orientation  0.00
Shape  Rect
Layer  component
$EndPAD
$PAD "2"
position -0.040000  0.000000
size  0.042000  0.056000
drill  0.000000
shape_offset  0.000000  0.000000
orientation  0.00
Shape  Rect
Layer  component
$EndPAD
$EndMODULE  C4

$MODULE "C5"
reference "C5"
value "2u2"
footprint "c_0805"
attribut smd
position  1.587500  1.987500
orientation  0.00
layer component
$SHAPE3D
Na "aLaMode_Libs/3D Modules/c_tant_B.wrl"
Sc 0.600000 0.600000 0.500000
Of 0.000000 0.000000 0.000000
Ro 0.000000 0.000000 0.000000
$EndSHAPE3D
$PAD "1"
position  0.040000  0.000000
size  0.042000  0.056000
drill  0.000000
shape_offset  0.000000  0.000000
orientation  0.00
Shape  Rect
Layer  component
$EndPAD
$PAD "2"
position -0.040000  0.000000
size  0.042000  0.056000
drill  0.000000
shape_offset  0.000000  0.000000
orientation  0.00
Shape  Rect
Layer  component
$EndPAD
$EndMODULE  C5

$MODULE "C9"
reference "C9"
value "100n"
footprint "c_0805"
attribut smd
position  1.470000  1.992500
orientation  0.00
layer copper
$SHAPE3D
Na "aLaMode_Libs/3D Modules/c_tant_B.wrl"
Sc 0.600000 0.600000 0.500000
Of 0.000000 0.000000 0.000000
Ro 0.000000 0.000000 0.000000
$EndSHAPE3D
$PAD "1"
position  0.040000  0.000000
size  0.042000  0.056000
drill  0.000000
shape_offset  0.000000  0.000000
orientation  0.00
Shape  Rect
Layer  copper
$EndPAD
$PAD "2"
position -0.040000  0.000000
size  0.042000  0.056000
drill  0.000000
shape_offset  0.000000  0.000000
orientation  0.00
Shape  Rect
Layer  copper
$EndPAD
$EndMODULE  C9

$MODULE "C10"
reference "C10"
value "22p"
footprint "c_0805"
attribut smd
position  2.985000  1.987500
orientation  270.00
layer copper
$SHAPE3D
Na "aLaMode_Libs/3D Modules/c_tant_B.wrl"
Sc 0.600000 0.600000 0.500000
Of 0.000000 0.000000 0.000000
Ro 0.000000 0.000000 0.000000
$EndSHAPE3D
$PAD "1"
position  0.040000  0.000000
size  0.042000  0.056000
drill  0.000000
shape_offset  0.000000  0.000000
orientation  0.00
Shape  Rect
Layer  copper
$EndPAD
$PAD "2"
position -0.040000  0.000000
size  0.042000  0.056000
drill  0.000000
shape_offset  0.000000  0.000000
orientation  0.00
Shape  Rect
Layer  copper
$EndPAD
$EndMODULE  C10

$MODULE "C3"
reference "C3"
value "2u2_Tant"
footprint "c_0805"
attribut smd
position  1.587500  2.252500
orientation  180.00
layer component
$SHAPE3D
Na "aLaMode_Libs/3D Modules/c_tant_B.wrl"
Sc 0.600000 0.600000 0.500000
Of 0.000000 0.000000 0.000000
Ro 0.000000 0.000000 0.000000
$EndSHAPE3D
$PAD "1"
position  0.040000  0.000000
size  0.042000  0.056000
drill  0.000000
shape_offset  0.000000  0.000000
orientation  0.00
Shape  Rect
Layer  component
$EndPAD
$PAD "2"
position -0.040000  0.000000
size  0.042000  0.056000
drill  0.000000
shape_offset  0.000000  0.000000
orientation  0.00
Shape  Rect
Layer  component
$EndPAD
$EndMODULE  C3

$MODULE "D4"
reference "D4"
value "RB886GT2R"
footprint "d_VMD2"
attribut smd
position  3.652500  1.687500
orientation  270.00
layer component
$SHAPE3D
Na "aLaMode_Libs/3D Modules/sod323.wrl"
Sc 0.800000 0.800000 0.800000
Of 0.000000 0.000000 0.000000
Ro 0.000000 0.000000 0.000000
$EndSHAPE3D
$PAD "2"
position  0.022500  0.000000
size  0.030000  0.030000
drill  0.000000
shape_offset  0.000000  0.000000
orientation  0.00
Shape  Rect
Layer  component
$EndPAD
$PAD "1"
position -0.025000  0.000000
size  0.030000  0.030000
drill  0.000000
shape_offset  0.000000  0.000000
orientation  0.00
Shape  Rect
Layer  component
$EndPAD
$EndMODULE  D4

$MODULE "D3"
reference "D3"
value "RB886GT2R"
footprint "d_VMD2"
attribut smd
position  3.752500  1.687500
orientation  270.00
layer component
$SHAPE3D
Na "aLaMode_Libs/3D Modules/sod323.wrl"
Sc 0.800000 0.800000 0.800000
Of 0.000000 0.000000 0.000000
Ro 0.000000 0.000000 0.000000
$EndSHAPE3D
$PAD "2"
position  0.022500  0.000000
size  0.030000  0.030000
drill  0.000000
shape_offset  0.000000  0.000000
orientation  0.00
Shape  Rect
Layer  component
$EndPAD
$PAD "1"
position -0.025000  0.000000
size  0.030000  0.030000
drill  0.000000
shape_offset  0.000000  0.000000
orientation  0.00
Shape  Rect
Layer  component
$EndPAD
$EndMODULE  D3

$MODULE "DIP1"
reference "DIP1"
value "DIP"
footprint "DIP"
attribut none
position  3.190000  2.495000
orientation  0.00
layer component
$SHAPE3D
Na "aLaMode_Libs/3D Modules/soquete_28_300.wrl"
Sc 1.000000 1.000000 1.000000
Of 0.000000 0.000000 0.000000
Ro 0.000000 0.000000 0.000000
$EndSHAPE3D
$EndMODULE  DIP1

$MODULE "R6"
reference "R6"
value "10k"
footprint "r_0805"
attribut smd
position  1.835000  1.317500
orientation  0.00
layer component
$SHAPE3D
Na "aLaMode_Libs/3D Modules/r_0805.wrl"
Sc 1.000000 1.000000 1.000000
Of 0.000000 0.000000 0.000000
Ro 0.000000 0.000000 0.000000
$EndSHAPE3D
$PAD "1"
position  0.037500  0.000000
size  0.051200  0.059000
drill  0.000000
shape_offset  0.000000  0.000000
orientation  0.00
Shape  Rect
Layer  component
$EndPAD
$PAD "2"
position -0.037500  0.000000
size  0.051200  0.059000
drill  0.000000
shape_offset  0.000000  0.000000
orientation  0.00
Shape  Rect
Layer  component
$EndPAD
$EndMODULE  R6

$MODULE "R4"
reference "R4"
value "10k"
footprint "r_0805"
attribut smd
position  2.055000  1.457500
orientation  270.00
layer component
$SHAPE3D
Na "aLaMode_Libs/3D Modules/r_0805.wrl"
Sc 1.000000 1.000000 1.000000
Of 0.000000 0.000000 0.000000
Ro 0.000000 0.000000 0.000000
$EndSHAPE3D
$PAD "1"
position  0.037500  0.000000
size  0.051200  0.059000
drill  0.000000
shape_offset  0.000000  0.000000
orientation  0.00
Shape  Rect
Layer  component
$EndPAD
$PAD "2"
position -0.037500  0.000000
size  0.051200  0.059000
drill  0.000000
shape_offset  0.000000  0.000000
orientation  0.00
Shape  Rect
Layer  component
$EndPAD
$EndMODULE  R4

$MODULE "R3"
reference "R3"
value "10k"
footprint "r_0805"
attribut smd
position  2.055000  1.790000
orientation  270.00
layer component
$SHAPE3D
Na "aLaMode_Libs/3D Modules/r_0805.wrl"
Sc 1.000000 1.000000 1.000000
Of 0.000000 0.000000 0.000000
Ro 0.000000 0.000000 0.000000
$EndSHAPE3D
$PAD "1"
position  0.037500  0.000000
size  0.051200  0.059000
drill  0.000000
shape_offset  0.000000  0.000000
orientation  0.00
Shape  Rect
Layer  component
$EndPAD
$PAD "2"
position -0.037500  0.000000
size  0.051200  0.059000
drill  0.000000
shape_offset  0.000000  0.000000
orientation  0.00
Shape  Rect
Layer  component
$EndPAD
$EndMODULE  R3

$MODULE "R7"
reference "R7"
value "10k"
footprint "r_0805"
attribut smd
position  2.322500  1.790000
orientation  270.00
layer component
$SHAPE3D
Na "aLaMode_Libs/3D Modules/r_0805.wrl"
Sc 1.000000 1.000000 1.000000
Of 0.000000 0.000000 0.000000
Ro 0.000000 0.000000 0.000000
$EndSHAPE3D
$PAD "1"
position  0.037500  0.000000
size  0.051200  0.059000
drill  0.000000
shape_offset  0.000000  0.000000
orientation  0.00
Shape  Rect
Layer  component
$EndPAD
$PAD "2"
position -0.037500  0.000000
size  0.051200  0.059000
drill  0.000000
shape_offset  0.000000  0.000000
orientation  0.00
Shape  Rect
Layer  component
$EndPAD
$EndMODULE  R7

$MODULE "R1"
reference "R1"
value "10k"
footprint "r_0805"
attribut smd
position  4.020000  2.815000
orientation  90.00
layer copper
$SHAPE3D
Na "aLaMode_Libs/3D Modules/r_0805.wrl"
Sc 1.000000 1.000000 1.000000
Of 0.000000 0.000000 0.000000
Ro 0.000000 0.000000 0.000000
$EndSHAPE3D
$PAD "1"
position  0.037500  0.000000
size  0.051200  0.059000
drill  0.000000
shape_offset  0.000000  0.000000
orientation  0.00
Shape  Rect
Layer  copper
$EndPAD
$PAD "2"
position -0.037500  0.000000
size  0.051200  0.059000
drill  0.000000
shape_offset  0.000000  0.000000
orientation  0.00
Shape  Rect
Layer  copper
$EndPAD
$EndMODULE  R1

$MODULE "R2"
reference "R2"
value "10k"
footprint "r_0805"
attribut smd
position  3.915000  2.815000
orientation  90.00
layer copper
$SHAPE3D
Na "aLaMode_Libs/3D Modules/r_0805.wrl"
Sc 1.000000 1.000000 1.000000
Of 0.000000 0.000000 0.000000
Ro 0.000000 0.000000 0.000000
$EndSHAPE3D
$PAD "1"
position  0.037500  0.000000
size  0.051200  0.059000
drill  0.000000
shape_offset  0.000000  0.000000
orientation  0.00
Shape  Rect
Layer  copper
$EndPAD
$PAD "2"
position -0.037500  0.000000
size  0.051200  0.059000
drill  0.000000
shape_offset  0.000000  0.000000
orientation  0.00
Shape  Rect
Layer  copper
$EndPAD
$EndMODULE  R2

$MODULE "R5"
reference "R5"
value "1k5"
footprint "r_0805"
attribut smd
position  2.420000  1.987500
orientation  90.00
layer component
$SHAPE3D
Na "aLaMode_Libs/3D Modules/r_0805.wrl"
Sc 1.000000 1.000000 1.000000
Of 0.000000 0.000000 0.000000
Ro 0.000000 0.000000 0.000000
$EndSHAPE3D
$PAD "1"
position  0.037500  0.000000
size  0.051200  0.059000
drill  0.000000
shape_offset  0.000000  0.000000
orientation  0.00
Shape  Rect
Layer  component
$EndPAD
$PAD "2"
position -0.037500  0.000000
size  0.051200  0.059000
drill  0.000000
shape_offset  0.000000  0.000000
orientation  0.00
Shape  Rect
Layer  component
$EndPAD
$EndMODULE  R5

$MODULE "R8"
reference "R8"
value "1k5"
footprint "r_0805"
attribut smd
position  2.717500  1.987500
orientation  90.00
layer component
$SHAPE3D
Na "aLaMode_Libs/3D Modules/r_0805.wrl"
Sc 1.000000 1.000000 1.000000
Of 0.000000 0.000000 0.000000
Ro 0.000000 0.000000 0.000000
$EndSHAPE3D
$PAD "1"
position  0.037500  0.000000
size  0.051200  0.059000
drill  0.000000
shape_offset  0.000000  0.000000
orientation  0.00
Shape  Rect
Layer  component
$EndPAD
$PAD "2"
position -0.037500  0.000000
size  0.051200  0.059000
drill  0.000000
shape_offset  0.000000  0.000000
orientation  0.00
Shape  Rect
Layer  component
$EndPAD
$EndMODULE  R8

$MODULE "B3"
reference "B3"
value "I/O"
footprint "I/O"
attribut smd
position  1.167500  2.450000
orientation  0.00
layer component
$PAD "1"
position  0.000000  0.000000
size  0.040000  0.040000
drill  0.025000
shape_offset  0.000000  0.000000
orientation  0.00
Shape  Circ
Layer  all
$EndPAD
$EndMODULE  B3

$MODULE "B2"
reference "B2"
value "I/O"
footprint "I/O"
attribut smd
position  1.102500  2.450000
orientation  0.00
layer component
$PAD "1"
position  0.000000  0.000000
size  0.040000  0.040000
drill  0.025000
shape_offset  0.000000  0.000000
orientation  0.00
Shape  Circ
Layer  all
$EndPAD
$EndMODULE  B2

$MODULE "B15"
reference "B15"
value "I/O"
footprint "I/O"
attribut smd
position  1.037500  2.450000
orientation  0.00
layer component
$PAD "1"
position  0.000000  0.000000
size  0.040000  0.040000
drill  0.025000
shape_offset  0.000000  0.000000
orientation  0.00
Shape  Circ
Layer  all
$EndPAD
$EndMODULE  B15

$MODULE "X1"
reference "X1"
value "CRYSTAL_2"
footprint "Xtal_SMD2"
attribut smd
position  2.932500  2.165000
orientation  180.00
layer copper
$SHAPE3D
Na "aLaMode_Libs/3D Modules/r_0805.wrl"
Sc 1.500000 1.800000 1.000000
Of 0.000000 0.000000 0.005000
Ro 0.000000 0.000000 0.000000
$EndSHAPE3D
$PAD "1"
position -0.045000 -0.037500
size  0.051200  0.041300
drill  0.000000
shape_offset  0.000000  0.000000
orientation  0.00
Shape  Rect
Layer  copper
$EndPAD
$PAD "2"
position  0.045000  0.037500
size  0.051200  0.041300
drill  0.000000
shape_offset  0.000000  0.000000
orientation  0.00
Shape  Rect
Layer  copper
$EndPAD
$PAD "1"
position -0.045000  0.037500
size  0.051200  0.041300
drill  0.000000
shape_offset  0.000000  0.000000
orientation  0.00
Shape  Rect
Layer  copper
$EndPAD
$PAD "2"
position  0.045000 -0.037500
size  0.051200  0.041300
drill  0.000000
shape_offset  0.000000  0.000000
orientation  0.00
Shape  Rect
Layer  copper
$EndPAD
$EndMODULE  X1

$MODULE "U4"
reference "U4"
value "DS3231N"
footprint "DS3231"
attribut smd
position  1.404000  2.312000
orientation  180.00
layer copper
$SHAPE3D
Na "aLaMode_Libs/3D Modules/cms_so16.wrl"
Sc 0.500000 0.600000 0.500000
Of 0.000000 0.000000 0.000000
Ro 0.000000 0.000000 0.000000
$EndSHAPE3D
$PAD "1"
position -0.175000 -0.183100
size  0.023600  0.078700
drill  0.000000
shape_offset  0.000000  0.000000
orientation  0.00
Shape  Rect
Layer  copper
$EndPAD
$PAD "2"
position -0.125000 -0.183100
size  0.023600  0.078700
drill  0.000000
shape_offset  0.000000  0.000000
orientation  0.00
Shape  Rect
Layer  copper
$EndPAD
$PAD "3"
position -0.075000 -0.183100
size  0.023600  0.078700
drill  0.000000
shape_offset  0.000000  0.000000
orientation  0.00
Shape  Rect
Layer  copper
$EndPAD
$PAD "4"
position -0.025000 -0.183100
size  0.023600  0.078700
drill  0.000000
shape_offset  0.000000  0.000000
orientation  0.00
Shape  Rect
Layer  copper
$EndPAD
$PAD "5"
position  0.025000 -0.183100
size  0.023600  0.078700
drill  0.000000
shape_offset  0.000000  0.000000
orientation  0.00
Shape  Rect
Layer  copper
$EndPAD
$PAD "6"
position  0.075000 -0.183100
size  0.023600  0.078700
drill  0.000000
shape_offset  0.000000  0.000000
orientation  0.00
Shape  Rect
Layer  copper
$EndPAD
$PAD "7"
position  0.125000 -0.183100
size  0.023600  0.078700
drill  0.000000
shape_offset  0.000000  0.000000
orientation  0.00
Shape  Rect
Layer  copper
$EndPAD
$PAD "8"
position  0.175000 -0.183100
size  0.023600  0.078700
drill  0.000000
shape_offset  0.000000  0.000000
orientation  0.00
Shape  Rect
Layer  copper
$EndPAD
$PAD "9"
position  0.175000  0.183100
size  0.023600  0.078700
drill  0.000000
shape_offset  0.000000  0.000000
orientation  0.00
Shape  Rect
Layer  copper
$EndPAD
$PAD "10"
position  0.125000  0.183100
size  0.023600  0.078700
drill  0.000000
shape_offset  0.000000  0.000000
orientation  0.00
Shape  Rect
Layer  copper
$EndPAD
$PAD "11"
position  0.075000  0.183100
size  0.023600  0.078700
drill  0.000000
shape_offset  0.000000  0.000000
orientation  0.00
Shape  Rect
Layer  copper
$EndPAD
$PAD "12"
position  0.025000  0.183100
size  0.023600  0.078700
drill  0.000000
shape_offset  0.000000  0.000000
orientation  0.00
Shape  Rect
Layer  copper
$EndPAD
$PAD "13"
position -0.025000  0.183100
size  0.023600  0.078700
drill  0.000000
shape_offset  0.000000  0.000000
orientation  0.00
Shape  Rect
Layer  copper
$EndPAD
$PAD "14"
position -0.075000  0.183100
size  0.023600  0.078700
drill  0.000000
shape_offset  0.000000  0.000000
orientation  0.00
Shape  Rect
Layer  copper
$EndPAD
$PAD "15"
position -0.125000  0.183100
size  0.023600  0.078700
drill  0.000000
shape_offset  0.000000  0.000000
orientation  0.00
Shape  Rect
Layer  copper
$EndPAD
$PAD "16"
position -0.175000  0.183100
size  0.023600  0.078700
drill  0.000000
shape_offset  0.000000  0.000000
orientation  0.00
Shape  Rect
Layer  copper
$EndPAD
$EndMODULE  U4

$MODULE "R9"
reference "R9"
value "10k"
footprint "r_0805"
attribut smd
position  1.672500  2.607500
orientation  90.00
layer copper
$SHAPE3D
Na "aLaMode_Libs/3D Modules/r_0805.wrl"
Sc 1.000000 1.000000 1.000000
Of 0.000000 0.000000 0.000000
Ro 0.000000 0.000000 0.000000
$EndSHAPE3D
$PAD "1"
position  0.037500  0.000000
size  0.051200  0.059000
drill  0.000000
shape_offset  0.000000  0.000000
orientation  0.00
Shape  Rect
Layer  copper
$EndPAD
$PAD "2"
position -0.037500  0.000000
size  0.051200  0.059000
drill  0.000000
shape_offset  0.000000  0.000000
orientation  0.00
Shape  Rect
Layer  copper
$EndPAD
$EndMODULE  R9

$MODULE "R10"
reference "R10"
value "10k"
footprint "r_0805"
attribut smd
position  2.115000  2.192500
orientation  90.00
layer component
$SHAPE3D
Na "aLaMode_Libs/3D Modules/r_0805.wrl"
Sc 1.000000 1.000000 1.000000
Of 0.000000 0.000000 0.000000
Ro 0.000000 0.000000 0.000000
$EndSHAPE3D
$PAD "1"
position  0.037500  0.000000
size  0.051200  0.059000
drill  0.000000
shape_offset  0.000000  0.000000
orientation  0.00
Shape  Rect
Layer  component
$EndPAD
$PAD "2"
position -0.037500  0.000000
size  0.051200  0.059000
drill  0.000000
shape_offset  0.000000  0.000000
orientation  0.00
Shape  Rect
Layer  component
$EndPAD
$EndMODULE  R10

$MODULE "R11"
reference "R11"
value "10k"
footprint "r_0805"
attribut smd
position  2.220000  2.192500
orientation  270.00
layer component
$SHAPE3D
Na "aLaMode_Libs/3D Modules/r_0805.wrl"
Sc 1.000000 1.000000 1.000000
Of 0.000000 0.000000 0.000000
Ro 0.000000 0.000000 0.000000
$EndSHAPE3D
$PAD "1"
position  0.037500  0.000000
size  0.051200  0.059000
drill  0.000000
shape_offset  0.000000  0.000000
orientation  0.00
Shape  Rect
Layer  component
$EndPAD
$PAD "2"
position -0.037500  0.000000
size  0.051200  0.059000
drill  0.000000
shape_offset  0.000000  0.000000
orientation  0.00
Shape  Rect
Layer  component
$EndPAD
$EndMODULE  R11

$MODULE "R12"
reference "R12"
value "1k"
footprint "r_0805"
attribut smd
position  2.220000  1.987500
orientation  90.00
layer component
$SHAPE3D
Na "aLaMode_Libs/3D Modules/r_0805.wrl"
Sc 1.000000 1.000000 1.000000
Of 0.000000 0.000000 0.000000
Ro 0.000000 0.000000 0.000000
$EndSHAPE3D
$PAD "1"
position  0.037500  0.000000
size  0.051200  0.059000
drill  0.000000
shape_offset  0.000000  0.000000
orientation  0.00
Shape  Rect
Layer  component
$EndPAD
$PAD "2"
position -0.037500  0.000000
size  0.051200  0.059000
drill  0.000000
shape_offset  0.000000  0.000000
orientation  0.00
Shape  Rect
Layer  component
$EndPAD
$EndMODULE  R12

$MODULE "BT1"
reference "BT1"
value "BATT_RTC"
footprint "CR1632_2"
attribut smd
position  2.260000  1.977500
orientation  90.00
layer copper
$SHAPE3D
Na "aLaMode_Libs/3D Modules/bateria_suporte.wrl"
Sc 1.800000 1.800000 1.000000
Of 0.000000 0.000000 0.000000
Ro 0.000000 0.000000 0.000000
$EndSHAPE3D
$PAD "-"
position -0.510000  0.000000
size  0.140000  0.180000
drill  0.000000
shape_offset  0.000000  0.000000
orientation  0.00
Shape  Rect
Layer  copper
$EndPAD
$PAD "+"
position  0.510000  0.000000
size  0.140000  0.180000
drill  0.000000
shape_offset  0.000000  0.000000
orientation  0.00
Shape  Rect
Layer  copper
$EndPAD
$EndMODULE  BT1

$MODULE "U1"
reference "U1"
value "LP2985-33DBVR"
footprint "SOT23-5"
attribut smd
position  1.575000  2.115000
orientation  270.00
layer component
$SHAPE3D
Na "aLaMode_Libs/3D Modules/SOT23_5.wrl"
Sc 0.110000 0.110000 0.110000
Of 0.000000 0.000000 0.000000
Ro 0.000000 0.000000 0.000000
$EndSHAPE3D
$PAD "1"
position -0.037500  0.052500
size  0.023600  0.044000
drill  0.000000
shape_offset  0.000000  0.000000
orientation  0.00
Shape  Rect
Layer  component
$EndPAD
$PAD "3"
position  0.037500  0.052500
size  0.023600  0.044000
drill  0.000000
shape_offset  0.000000  0.000000
orientation  0.00
Shape  Rect
Layer  component
$EndPAD
$PAD "2"
position  0.000000  0.052500
size  0.023600  0.044000
drill  0.000000
shape_offset  0.000000  0.000000
orientation  0.00
Shape  Rect
Layer  component
$EndPAD
$PAD "4"
position  0.037500 -0.052500
size  0.023600  0.044000
drill  0.000000
shape_offset  0.000000  0.000000
orientation  0.00
Shape  Rect
Layer  component
$EndPAD
$PAD "5"
position -0.037500 -0.052500
size  0.023600  0.044000
drill  0.000000
shape_offset  0.000000  0.000000
orientation  0.00
Shape  Rect
Layer  component
$EndPAD
$EndMODULE  U1

$MODULE "U3"
reference "U3"
value "NCP1117ST50T3G"
footprint "SOT223"
attribut smd
position  1.205000  2.247500
orientation  270.00
layer component
$SHAPE3D
Na "aLaMode_Libs/3D Modules/SOT223.wrl"
Sc 0.400000 0.400000 0.400000
Of 0.000000 0.000000 0.000000
Ro 0.000000 0.000000 0.000000
$EndSHAPE3D
$PAD "4"
position  0.000000 -0.125000
size  0.150000  0.080000
drill  0.000000
shape_offset  0.000000  0.000000
orientation  0.00
Shape  Rect
Layer  component
$EndPAD
$PAD "2"
position  0.000000  0.125000
size  0.060000  0.080000
drill  0.000000
shape_offset  0.000000  0.000000
orientation  0.00
Shape  Rect
Layer  component
$EndPAD
$PAD "3"
position  0.090000  0.125000
size  0.060000  0.080000
drill  0.000000
shape_offset  0.000000  0.000000
orientation  0.00
Shape  Rect
Layer  component
$EndPAD
$PAD "1"
position -0.090000  0.125000
size  0.060000  0.080000
drill  0.000000
shape_offset  0.000000  0.000000
orientation  0.00
Shape  Rect
Layer  component
$EndPAD
$EndMODULE  U3

$MODULE "Q1"
reference "Q1"
value "FDN340P"
footprint "SOT23-3"
attribut smd
position  1.765000  2.005000
orientation  180.00
layer component
$SHAPE3D
Na "aLaMode_Libs/3D Modules/SOT23_3.wrl"
Sc 0.400000 0.400000 0.400000
Of 0.000000 0.000000 0.000000
Ro 0.000000 0.000000 180.000000
$EndSHAPE3D
$PAD "G"
position -0.037500  0.047500
size  0.031500  0.047200
drill  0.000000
shape_offset  0.000000  0.000000
orientation  0.00
Shape  Rect
Layer  component
$EndPAD
$PAD "D"
position  0.000000 -0.047500
size  0.031500  0.047200
drill  0.000000
shape_offset  0.000000  0.000000
orientation  0.00
Shape  Rect
Layer  component
$EndPAD
$PAD "S"
position  0.037500  0.047500
size  0.031500  0.047200
drill  0.000000
shape_offset  0.000000  0.000000
orientation  0.00
Shape  Rect
Layer  component
$EndPAD
$EndMODULE  Q1

$MODULE "U5"
reference "U5"
value "LM358N"
footprint "SO8E"
attribut smd
position  1.947500  2.120000
orientation  0.00
layer component
$SHAPE3D
Na "aLaMode_Libs/3D Modules/cms_so8.wrl"
Sc 0.500000 0.350000 0.500000
Of 0.000000 0.000000 0.000000
Ro 0.000000 0.000000 0.000000
$EndSHAPE3D
$PAD "8"
position -0.075000 -0.095000
size  0.024000  0.080000
drill  0.000000
shape_offset  0.000000  0.000000
orientation  0.00
Shape  Rect
Layer  component
$EndPAD
$PAD "1"
position -0.075000  0.095000
size  0.024000  0.080000
drill  0.000000
shape_offset  0.000000  0.000000
orientation  0.00
Shape  Rect
Layer  component
$EndPAD
$PAD "7"
position -0.025000 -0.095000
size  0.024000  0.080000
drill  0.000000
shape_offset  0.000000  0.000000
orientation  0.00
Shape  Rect
Layer  component
$EndPAD
$PAD "6"
position  0.025000 -0.095000
size  0.024000  0.080000
drill  0.000000
shape_offset  0.000000  0.000000
orientation  0.00
Shape  Rect
Layer  component
$EndPAD
$PAD "5"
position  0.075000 -0.095000
size  0.024000  0.080000
drill  0.000000
shape_offset  0.000000  0.000000
orientation  0.00
Shape  Rect
Layer  component
$EndPAD
$PAD "2"
position -0.025000  0.095000
size  0.024000  0.080000
drill  0.000000
shape_offset  0.000000  0.000000
orientation  0.00
Shape  Rect
Layer  component
$EndPAD
$PAD "3"
position  0.025000  0.095000
size  0.024000  0.080000
drill  0.000000
shape_offset  0.000000  0.000000
orientation  0.00
Shape  Rect
Layer  component
$EndPAD
$PAD "4"
position  0.075000  0.095000
size  0.024000  0.080000
drill  0.000000
shape_offset  0.000000  0.000000
orientation  0.00
Shape  Rect
Layer  component
$EndPAD
$EndMODULE  U5

$MODULE "C2"
reference "C2"
value "100n"
footprint "c_0805"
attribut smd
position  2.115000  1.987500
orientation  90.00
layer component
$SHAPE3D
Na "aLaMode_Libs/3D Modules/c_tant_B.wrl"
Sc 0.600000 0.600000 0.500000
Of 0.000000 0.000000 0.000000
Ro 0.000000 0.000000 0.000000
$EndSHAPE3D
$PAD "1"
position  0.040000  0.000000
size  0.042000  0.056000
drill  0.000000
shape_offset  0.000000  0.000000
orientation  0.00
Shape  Rect
Layer  component
$EndPAD
$PAD "2"
position -0.040000  0.000000
size  0.042000  0.056000
drill  0.000000
shape_offset  0.000000  0.000000
orientation  0.00
Shape  Rect
Layer  component
$EndPAD
$EndMODULE  C2

$MODULE "G3"
reference "G3"
value "Logo_OH"
footprint "OSHW_6mm"
attribut none
position  4.145000  2.495000
orientation  90.00
layer copper
$EndMODULE  G3

$MODULE "G4"
reference "G4"
value "Logo_OH"
footprint "OSHW_6mm"
attribut none
position  4.145000  2.495000
orientation  90.00
layer component
$EndMODULE  G4

$MODULE "G1"
reference "G1"
value "Logo_Wyolum"
footprint "Logo-WL3"
attribut none
position  4.017500  2.200000
orientation  90.00
layer component
$EndMODULE  G1

$MODULE "G2"
reference "G2"
value "Logo_Wyolum"
footprint "Logo-WL3"
attribut none
position  4.017500  2.200000
orientation  90.00
layer copper
$EndMODULE  G2

$MODULE "C8"
reference "C8"
value "47u,10V"
footprint "C_ELCO_SMD"
attribut smd
position  2.482500  2.952500
orientation  270.00
layer component
$SHAPE3D
Na "aLaMode_Libs/3D Modules/c_elec_5x5_3.wrl"
Sc 1.000000 1.000000 1.000000
Of 0.000000 0.000000 0.000000
Ro 0.000000 0.000000 90.000000
$EndSHAPE3D
$PAD "1"
position  0.000000  0.090000
size  0.064000  0.120000
drill  0.000000
shape_offset  0.000000  0.000000
orientation  0.00
Shape  Rect
Layer  component
$EndPAD
$PAD "2"
position -0.002500 -0.090000
size  0.064000  0.120000
drill  0.000000
shape_offset  0.000000  0.000000
orientation  0.00
Shape  Rect
Layer  component
$EndPAD
$EndMODULE  C8

$MODULE "C6"
reference "C6"
value "100u,25V"
footprint "C_ELCO_SMD"
attribut smd
position  1.447500  2.542500
orientation  90.00
layer component
$SHAPE3D
Na "aLaMode_Libs/3D Modules/c_elec_5x5_3.wrl"
Sc 1.000000 1.000000 1.000000
Of 0.000000 0.000000 0.000000
Ro 0.000000 0.000000 90.000000
$EndSHAPE3D
$PAD "1"
position  0.000000  0.090000
size  0.064000  0.120000
drill  0.000000
shape_offset  0.000000  0.000000
orientation  0.00
Shape  Rect
Layer  component
$EndPAD
$PAD "2"
position -0.002500 -0.090000
size  0.064000  0.120000
drill  0.000000
shape_offset  0.000000  0.000000
orientation  0.00
Shape  Rect
Layer  component
$EndPAD
$EndMODULE  C6

$MODULE "P11"
reference "P11"
value "U6_OE"
footprint "Header_U6OE"
attribut smd
position  1.207500  2.015000
orientation  180.00
layer component
$SHAPE3D
Na "aLaMode_Libs/3D Modules/pin_strip_3.wrl"
Sc 1.000000 1.000000 1.000000
Of 0.000000 0.000000 0.000000
Ro 0.000000 0.000000 0.000000
$EndSHAPE3D
$PAD "3"
position -0.100000  0.000000
size  0.060000  0.060000
drill  0.040000
shape_offset  0.000000  0.000000
orientation  0.00
Shape  Rect
Layer  all
$EndPAD
$PAD "1"
position  0.100000  0.000000
size  0.060000  0.060000
drill  0.040000
shape_offset  0.000000  0.000000
orientation  0.00
Shape  Circ
Layer  all
$EndPAD
$PAD "2"
position  0.000000  0.000000
size  0.060000  0.060000
drill  0.040000
shape_offset  0.000000  0.000000
orientation  0.00
Shape  Circ
Layer  all
$EndPAD
$EndMODULE  P11

$MODULE "P4"
reference "P4"
value "PWM_SERVO"
footprint "Header_Servo"
attribut smd
position  2.000000  2.700000
orientation  90.00
layer component
$SHAPE3D
Na "aLaMode_Libs/3D Modules/pin_strip_8.wrl"
Sc 1.000000 1.000000 1.000000
Of 0.000000 0.000000 0.000000
Ro 0.000000 0.000000 0.000000
$EndSHAPE3D
$PAD "1"
position -0.350000  0.000000
size  0.060000  0.060000
drill  0.040000
shape_offset  0.000000  0.000000
orientation  0.00
Shape  Circ
Layer  all
$EndPAD
$PAD "2"
position -0.250000  0.000000
size  0.060000  0.060000
drill  0.040000
shape_offset  0.000000  0.000000
orientation  0.00
Shape  Circ
Layer  all
$EndPAD
$PAD "3"
position -0.150000  0.000000
size  0.060000  0.060000
drill  0.040000
shape_offset  0.000000  0.000000
orientation  0.00
Shape  Circ
Layer  all
$EndPAD
$PAD "4"
position -0.050000  0.000000
size  0.060000  0.060000
drill  0.040000
shape_offset  0.000000  0.000000
orientation  0.00
Shape  Circ
Layer  all
$EndPAD
$PAD "5"
position  0.050000  0.000000
size  0.060000  0.060000
drill  0.040000
shape_offset  0.000000  0.000000
orientation  0.00
Shape  Circ
Layer  all
$EndPAD
$PAD "6"
position  0.150000  0.000000
size  0.060000  0.060000
drill  0.040000
shape_offset  0.000000  0.000000
orientation  0.00
Shape  Circ
Layer  all
$EndPAD
$PAD "7"
position  0.250000  0.000000
size  0.060000  0.060000
drill  0.040000
shape_offset  0.000000  0.000000
orientation  0.00
Shape  Circ
Layer  all
$EndPAD
$PAD "8"
position  0.350000  0.000000
size  0.060000  0.060000
drill  0.040000
shape_offset  0.000000  0.000000
orientation  0.00
Shape  Circ
Layer  all
$EndPAD
$EndMODULE  P4

$MODULE "P9"
reference "P9"
value "ISP"
footprint "Header_ISP"
attribut smd
position  3.707500  1.980000
orientation  90.00
layer component
$SHAPE3D
Na "aLaMode_Libs/3D Modules/pin_strip_3x2.wrl"
Sc 1.000000 1.000000 1.000000
Of 0.000000 0.000000 0.000000
Ro 0.000000 0.000000 0.000000
$EndSHAPE3D
$PAD "1"
position -0.100000  0.050000
size  0.060000  0.060000
drill  0.040000
shape_offset  0.000000  0.000000
orientation  0.00
Shape  Circ
Layer  all
$EndPAD
$PAD "2"
position -0.100000 -0.050000
size  0.060000  0.060000
drill  0.040000
shape_offset  0.000000  0.000000
orientation  0.00
Shape  Circ
Layer  all
$EndPAD
$PAD "3"
position  0.000000  0.050000
size  0.060000  0.060000
drill  0.040000
shape_offset  0.000000  0.000000
orientation  0.00
Shape  Circ
Layer  all
$EndPAD
$PAD "4"
position  0.000000 -0.050000
size  0.060000  0.060000
drill  0.040000
shape_offset  0.000000  0.000000
orientation  0.00
Shape  Circ
Layer  all
$EndPAD
$PAD "5"
position  0.100000  0.050000
size  0.060000  0.060000
drill  0.040000
shape_offset  0.000000  0.000000
orientation  0.00
Shape  Circ
Layer  all
$EndPAD
$PAD "6"
position  0.100000 -0.050000
size  0.060000  0.060000
drill  0.040000
shape_offset  0.000000  0.000000
orientation  0.00
Shape  Rect
Layer  all
$EndPAD
$EndMODULE  P9

$MODULE "P8"
reference "P8"
value "FTDI"
footprint "Header_FTDI"
attribut smd
position  3.907500  1.380000
orientation  180.00
layer component
$SHAPE3D
Na "aLaMode_Libs/3D Modules/pins_array_6x1.wrl"
Sc 1.000000 1.000000 1.000000
Of 0.000000 0.000000 0.000000
Ro 0.000000 0.000000 0.000000
$EndSHAPE3D
$PAD "1"
position -0.250000  0.000000
size  0.060000  0.060000
drill  0.040000
shape_offset  0.000000  0.000000
orientation  0.00
Shape  Rect
Layer  all
$EndPAD
$PAD "2"
position -0.150000  0.000000
size  0.060000  0.060000
drill  0.040000
shape_offset  0.000000  0.000000
orientation  0.00
Shape  Rect
Layer  all
$EndPAD
$PAD "3"
position -0.050000  0.000000
size  0.060000  0.060000
drill  0.040000
shape_offset  0.000000  0.000000
orientation  0.00
Shape  Circ
Layer  all
$EndPAD
$PAD "4"
position  0.050000  0.000000
size  0.060000  0.060000
drill  0.040000
shape_offset  0.000000  0.000000
orientation  0.00
Shape  Circ
Layer  all
$EndPAD
$PAD "5"
position  0.150000  0.000000
size  0.060000  0.060000
drill  0.040000
shape_offset  0.000000  0.000000
orientation  0.00
Shape  Circ
Layer  all
$EndPAD
$PAD "6"
position  0.250000  0.000000
size  0.060000  0.060000
drill  0.040000
shape_offset  0.000000  0.000000
orientation  0.00
Shape  Circ
Layer  all
$EndPAD
$EndMODULE  P8

$MODULE "P7"
reference "P7"
value "GPS_UP501"
footprint "Header_GPS"
attribut smd
position  3.907500  1.530000
orientation  0.00
layer component
$SHAPE3D
Na "aLaMode_Libs/3D Modules/pins_array_6x1.wrl"
Sc 1.000000 1.000000 1.000000
Of 0.000000 0.000000 0.000000
Ro 0.000000 0.000000 0.000000
$EndSHAPE3D
$PAD "1"
position -0.250000  0.000000
size  0.060000  0.060000
drill  0.040000
shape_offset  0.000000  0.000000
orientation  0.00
Shape  Circ
Layer  all
$EndPAD
$PAD "2"
position -0.150000  0.000000
size  0.060000  0.060000
drill  0.040000
shape_offset  0.000000  0.000000
orientation  0.00
Shape  Circ
Layer  all
$EndPAD
$PAD "3"
position -0.050000  0.000000
size  0.060000  0.060000
drill  0.040000
shape_offset  0.000000  0.000000
orientation  0.00
Shape  Rect
Layer  all
$EndPAD
$PAD "4"
position  0.050000  0.000000
size  0.060000  0.060000
drill  0.040000
shape_offset  0.000000  0.000000
orientation  0.00
Shape  Circ
Layer  all
$EndPAD
$PAD "5"
position  0.150000  0.000000
size  0.060000  0.060000
drill  0.040000
shape_offset  0.000000  0.000000
orientation  0.00
Shape  Circ
Layer  all
$EndPAD
$PAD "6"
position  0.250000  0.000000
size  0.060000  0.060000
drill  0.040000
shape_offset  0.000000  0.000000
orientation  0.00
Shape  Circ
Layer  all
$EndPAD
$EndMODULE  P7

$MODULE "P2"
reference "P2"
value "GPU_JTAG"
footprint "Header_GPU_JTAG"
attribut smd
position  3.120000  1.730000
orientation  270.00
layer copper
$SHAPE3D
Na "aLaMode_Libs/3D Modules/conF_08.wrl"
Sc 1.000000 1.000000 1.500000
Of 0.000000 0.000000 0.000000
Ro 0.000000 0.000000 0.000000
$EndSHAPE3D
$SHAPE3D
Na "aLaMode_Libs/3D Modules/pin_strip_8.wrl"
Sc 1.000000 1.000000 1.000000
Of 0.000000 0.000000 -0.050000
Ro 0.000000 180.000000 0.000000
$EndSHAPE3D
$PAD "1"
position -0.350000  0.000000
size  0.050000  0.080000
drill  0.040000
shape_offset  0.000000  0.000000
orientation  0.00
Shape  Rect
Layer  all
$EndPAD
$PAD "2"
position -0.250000  0.000000
size  0.050000  0.080000
drill  0.040000
shape_offset  0.000000  0.000000
orientation  0.00
Shape  Oval
Layer  all
$EndPAD
$PAD "3"
position -0.150000  0.000000
size  0.050000  0.080000
drill  0.040000
shape_offset  0.000000  0.000000
orientation  0.00
Shape  Oval
Layer  all
$EndPAD
$PAD "4"
position -0.050000  0.000000
size  0.050000  0.080000
drill  0.040000
shape_offset  0.000000  0.000000
orientation  0.00
Shape  Oval
Layer  all
$EndPAD
$PAD "5"
position  0.050000  0.000000
size  0.050000  0.080000
drill  0.040000
shape_offset  0.000000  0.000000
orientation  0.00
Shape  Oval
Layer  all
$EndPAD
$PAD "6"
position  0.150000  0.000000
size  0.050000  0.080000
drill  0.040000
shape_offset  0.000000  0.000000
orientation  0.00
Shape  Oval
Layer  all
$EndPAD
$PAD "7"
position  0.250000  0.000000
size  0.050000  0.080000
drill  0.040000
shape_offset  0.000000  0.000000
orientation  0.00
Shape  Oval
Layer  all
$EndPAD
$PAD "8"
position  0.350000  0.000000
size  0.050000  0.080000
drill  0.040000
shape_offset  0.000000  0.000000
orientation  0.00
Shape  Oval
Layer  all
$EndPAD
$EndMODULE  P2

$MODULE "P3"
reference "P3"
value "LAN_JTAG"
footprint "Header_GPU_JTAG"
attribut smd
position  3.220000  1.730000
orientation  270.00
layer copper
$SHAPE3D
Na "aLaMode_Libs/3D Modules/conF_08.wrl"
Sc 1.000000 1.000000 1.500000
Of 0.000000 0.000000 0.000000
Ro 0.000000 0.000000 0.000000
$EndSHAPE3D
$SHAPE3D
Na "aLaMode_Libs/3D Modules/pin_strip_8.wrl"
Sc 1.000000 1.000000 1.000000
Of 0.000000 0.000000 -0.050000
Ro 0.000000 180.000000 0.000000
$EndSHAPE3D
$PAD "1"
position -0.350000  0.000000
size  0.050000  0.080000
drill  0.040000
shape_offset  0.000000  0.000000
orientation  0.00
Shape  Rect
Layer  all
$EndPAD
$PAD "2"
position -0.250000  0.000000
size  0.050000  0.080000
drill  0.040000
shape_offset  0.000000  0.000000
orientation  0.00
Shape  Oval
Layer  all
$EndPAD
$PAD "3"
position -0.150000  0.000000
size  0.050000  0.080000
drill  0.040000
shape_offset  0.000000  0.000000
orientation  0.00
Shape  Oval
Layer  all
$EndPAD
$PAD "4"
position -0.050000  0.000000
size  0.050000  0.080000
drill  0.040000
shape_offset  0.000000  0.000000
orientation  0.00
Shape  Oval
Layer  all
$EndPAD
$PAD "5"
position  0.050000  0.000000
size  0.050000  0.080000
drill  0.040000
shape_offset  0.000000  0.000000
orientation  0.00
Shape  Oval
Layer  all
$EndPAD
$PAD "6"
position  0.150000  0.000000
size  0.050000  0.080000
drill  0.040000
shape_offset  0.000000  0.000000
orientation  0.00
Shape  Oval
Layer  all
$EndPAD
$PAD "7"
position  0.250000  0.000000
size  0.050000  0.080000
drill  0.040000
shape_offset  0.000000  0.000000
orientation  0.00
Shape  Oval
Layer  all
$EndPAD
$PAD "8"
position  0.350000  0.000000
size  0.050000  0.080000
drill  0.040000
shape_offset  0.000000  0.000000
orientation  0.00
Shape  Oval
Layer  all
$EndPAD
$EndMODULE  P3

$MODULE "P12"
reference "P12"
value "UUSB_B"
footprint "USB_B_Micro"
attribut smd
position  1.162500  2.700000
orientation  0.00
layer copper
$SHAPE3D
Na "aLaMode_Libs/3D Modules/usb_B_micro_smd.wrl"
Sc 1.000000 1.000000 1.000000
Of -0.100000 0.000000 0.000000
Ro 0.000000 0.000000 90.000000
$EndSHAPE3D
$PAD "3"
position  0.000000  0.000000
size  0.054000  0.016000
drill  0.000000
shape_offset  0.000000  0.000000
orientation  0.00
Shape  Rect
Layer  copper
$EndPAD
$PAD "4"
position  0.000000 -0.025600
size  0.054000  0.016000
drill  0.000000
shape_offset  0.000000  0.000000
orientation  0.00
Shape  Rect
Layer  copper
$EndPAD
$PAD "5"
position  0.000000 -0.051200
size  0.054000  0.016000
drill  0.000000
shape_offset  0.000000  0.000000
orientation  0.00
Shape  Rect
Layer  copper
$EndPAD
$PAD "2"
position  0.000000  0.025600
size  0.054000  0.016000
drill  0.000000
shape_offset  0.000000  0.000000
orientation  0.00
Shape  Rect
Layer  copper
$EndPAD
$PAD "1"
position  0.000000  0.051200
size  0.054000  0.016000
drill  0.000000
shape_offset  0.000000  0.000000
orientation  0.00
Shape  Rect
Layer  copper
$EndPAD
$PAD "T1"
position -0.010000  0.125000
size  0.056000  0.063000
drill  0.000000
shape_offset  0.000000  0.000000
orientation  0.00
Shape  Rect
Layer  copper
$EndPAD
$PAD "T2"
position -0.010000 -0.125000
size  0.056000  0.063000
drill  0.000000
shape_offset  0.000000  0.000000
orientation  0.00
Shape  Rect
Layer  copper
$EndPAD
$PAD "T3"
position -0.105000  0.047500
size  0.075000  0.075000
drill  0.000000
shape_offset  0.000000  0.000000
orientation  0.00
Shape  Rect
Layer  copper
$EndPAD
$PAD "T4"
position -0.105000 -0.047500
size  0.075000  0.075000
drill  0.000000
shape_offset  0.000000  0.000000
orientation  0.00
Shape  Rect
Layer  copper
$EndPAD
$PAD "T5"
position -0.105000  0.130000
size  0.075000  0.075000
drill  0.050000
shape_offset  0.000000  0.000000
orientation  0.00
Shape  Circ
Layer  all
$EndPAD
$PAD "T6"
position -0.105000 -0.130000
size  0.075000  0.075000
drill  0.050000
shape_offset  0.000000  0.000000
orientation  0.00
Shape  Circ
Layer  all
$EndPAD
$EndMODULE  P12

$MODULE "IC1"
reference "IC1"
value "ATMEGA328-PU"
footprint "DIP-28__300_ELL"
attribut smd
position  3.190000  2.495000
orientation  180.00
layer component
$SHAPE3D
Na "aLaMode_Libs/3D Modules/dil_28-300.wrl"
Sc 1.000000 1.000000 1.000000
Of 0.000000 0.000000 0.100000
Ro 0.000000 0.000000 0.000000
$EndSHAPE3D
$PAD "2"
position -0.550000  0.150000
size  0.060000  0.090000
drill  0.035000
shape_offset  0.000000  0.000000
orientation  0.00
Shape  Oval
Layer  all
$EndPAD
$PAD "3"
position -0.450000  0.150000
size  0.060000  0.090000
drill  0.035000
shape_offset  0.000000  0.000000
orientation  0.00
Shape  Oval
Layer  all
$EndPAD
$PAD "4"
position -0.350000  0.150000
size  0.060000  0.090000
drill  0.035000
shape_offset  0.000000  0.000000
orientation  0.00
Shape  Oval
Layer  all
$EndPAD
$PAD "5"
position -0.250000  0.150000
size  0.060000  0.090000
drill  0.035000
shape_offset  0.000000  0.000000
orientation  0.00
Shape  Oval
Layer  all
$EndPAD
$PAD "6"
position -0.150000  0.150000
size  0.060000  0.090000
drill  0.035000
shape_offset  0.000000  0.000000
orientation  0.00
Shape  Oval
Layer  all
$EndPAD
$PAD "7"
position -0.050000  0.150000
size  0.060000  0.090000
drill  0.035000
shape_offset  0.000000  0.000000
orientation  0.00
Shape  Oval
Layer  all
$EndPAD
$PAD "8"
position  0.050000  0.150000
size  0.060000  0.090000
drill  0.035000
shape_offset  0.000000  0.000000
orientation  0.00
Shape  Rect
Layer  all
$EndPAD
$PAD "9"
position  0.150000  0.150000
size  0.060000  0.090000
drill  0.035000
shape_offset  0.000000  0.000000
orientation  0.00
Shape  Oval
Layer  all
$EndPAD
$PAD "10"
position  0.250000  0.150000
size  0.060000  0.090000
drill  0.035000
shape_offset  0.000000  0.000000
orientation  0.00
Shape  Oval
Layer  all
$EndPAD
$PAD "11"
position  0.350000  0.150000
size  0.060000  0.090000
drill  0.035000
shape_offset  0.000000  0.000000
orientation  0.00
Shape  Oval
Layer  all
$EndPAD
$PAD "12"
position  0.450000  0.150000
size  0.060000  0.090000
drill  0.035000
shape_offset  0.000000  0.000000
orientation  0.00
Shape  Oval
Layer  all
$EndPAD
$PAD "13"
position  0.550000  0.150000
size  0.060000  0.090000
drill  0.035000
shape_offset  0.000000  0.000000
orientation  0.00
Shape  Oval
Layer  all
$EndPAD
$PAD "14"
position  0.650000  0.150000
size  0.060000  0.090000
drill  0.035000
shape_offset  0.000000  0.000000
orientation  0.00
Shape  Oval
Layer  all
$EndPAD
$PAD "1"
position -0.650000  0.150000
size  0.060000  0.090000
drill  0.035000
shape_offset  0.000000  0.000000
orientation  0.00
Shape  Oval
Layer  all
$EndPAD
$PAD "15"
position  0.650000 -0.150000
size  0.060000  0.090000
drill  0.035000
shape_offset  0.000000  0.000000
orientation  0.00
Shape  Oval
Layer  all
$EndPAD
$PAD "16"
position  0.550000 -0.150000
size  0.060000  0.090000
drill  0.035000
shape_offset  0.000000  0.000000
orientation  0.00
Shape  Oval
Layer  all
$EndPAD
$PAD "17"
position  0.450000 -0.150000
size  0.060000  0.090000
drill  0.035000
shape_offset  0.000000  0.000000
orientation  0.00
Shape  Oval
Layer  all
$EndPAD
$PAD "18"
position  0.350000 -0.150000
size  0.060000  0.090000
drill  0.035000
shape_offset  0.000000  0.000000
orientation  0.00
Shape  Oval
Layer  all
$EndPAD
$PAD "19"
position  0.250000 -0.150000
size  0.060000  0.090000
drill  0.035000
shape_offset  0.000000  0.000000
orientation  0.00
Shape  Oval
Layer  all
$EndPAD
$PAD "20"
position  0.150000 -0.150000
size  0.060000  0.090000
drill  0.035000
shape_offset  0.000000  0.000000
orientation  0.00
Shape  Oval
Layer  all
$EndPAD
$PAD "21"
position  0.050000 -0.150000
size  0.060000  0.090000
drill  0.035000
shape_offset  0.000000  0.000000
orientation  0.00
Shape  Oval
Layer  all
$EndPAD
$PAD "22"
position -0.050000 -0.150000
size  0.060000  0.090000
drill  0.035000
shape_offset  0.000000  0.000000
orientation  0.00
Shape  Rect
Layer  all
$EndPAD
$PAD "23"
position -0.150000 -0.150000
size  0.060000  0.090000
drill  0.035000
shape_offset  0.000000  0.000000
orientation  0.00
Shape  Oval
Layer  all
$EndPAD
$PAD "24"
position -0.250000 -0.150000
size  0.060000  0.090000
drill  0.035000
shape_offset  0.000000  0.000000
orientation  0.00
Shape  Oval
Layer  all
$EndPAD
$PAD "25"
position -0.350000 -0.150000
size  0.060000  0.090000
drill  0.035000
shape_offset  0.000000  0.000000
orientation  0.00
Shape  Oval
Layer  all
$EndPAD
$PAD "26"
position -0.450000 -0.150000
size  0.060000  0.090000
drill  0.035000
shape_offset  0.000000  0.000000
orientation  0.00
Shape  Oval
Layer  all
$EndPAD
$PAD "27"
position -0.550000 -0.150000
size  0.060000  0.090000
drill  0.035000
shape_offset  0.000000  0.000000
orientation  0.00
Shape  Oval
Layer  all
$EndPAD
$PAD "28"
position -0.650000 -0.150000
size  0.060000  0.090000
drill  0.035000
shape_offset  0.000000  0.000000
orientation  0.00
Shape  Oval
Layer  all
$EndPAD
$EndMODULE  IC1

$MODULE "SHIELD1"
reference "SHIELD1"
value "ARDUINO_SHIELD"
footprint "ARDUINO_SHIELD_2_040pins"
attribut smd
position  1.657500  3.112500
orientation  0.00
layer component
$SHAPE3D
Na "aLaMode_Libs/3D Modules/conF_08.wrl"
Sc 1.000000 1.000000 1.000000
Of 1.450000 0.100000 0.000000
Ro 0.000000 0.000000 0.000000
$EndSHAPE3D
$SHAPE3D
Na "aLaMode_Libs/3D Modules/conF_06.wrl"
Sc 1.000000 1.000000 1.000000
Of 2.250000 0.100000 0.000000
Ro 0.000000 0.000000 0.000000
$EndSHAPE3D
$SHAPE3D
Na "aLaMode_Libs/3D Modules/conF_08.wrl"
Sc 1.000000 1.000000 1.000000
Of 2.150000 2.000000 0.000000
Ro 0.000000 0.000000 0.000000
$EndSHAPE3D
$SHAPE3D
Na "aLaMode_Libs/3D Modules/conF_10.wrl"
Sc 1.000000 1.000000 1.000000
Of 1.200000 2.000000 0.000000
Ro 0.000000 0.000000 0.000000
$EndSHAPE3D
$PAD "AD5"
position  2.500000 -0.100000
size  0.100000  0.060000
drill  0.040000
shape_offset  0.000000  0.000000
orientation  90.00
Shape  Oval
Layer  all
$EndPAD
$PAD "AD4"
position  2.400000 -0.100000
size  0.100000  0.060000
drill  0.040000
shape_offset  0.000000  0.000000
orientation  90.00
Shape  Oval
Layer  all
$EndPAD
$PAD "AD3"
position  2.300000 -0.100000
size  0.100000  0.060000
drill  0.040000
shape_offset  0.000000  0.000000
orientation  90.00
Shape  Oval
Layer  all
$EndPAD
$PAD "AD0"
position  2.000000 -0.100000
size  0.100000  0.060000
drill  0.040000
shape_offset  0.000000  0.000000
orientation  90.00
Shape  Oval
Layer  all
$EndPAD
$PAD "AD1"
position  2.100000 -0.100000
size  0.100000  0.060000
drill  0.040000
shape_offset  0.000000  0.000000
orientation  90.00
Shape  Oval
Layer  all
$EndPAD
$PAD "AD2"
position  2.200000 -0.100000
size  0.100000  0.060000
drill  0.040000
shape_offset  0.000000  0.000000
orientation  90.00
Shape  Oval
Layer  all
$EndPAD
$PAD "V_IN"
position  1.800000 -0.100000
size  0.100000  0.060000
drill  0.040000
shape_offset  0.000000  0.000000
orientation  90.00
Shape  Oval
Layer  all
$EndPAD
$PAD "GND2"
position  1.700000 -0.100000
size  0.100000  0.060000
drill  0.040000
shape_offset  0.000000  0.000000
orientation  90.00
Shape  Rect
Layer  all
$EndPAD
$PAD "GND1"
position  1.600000 -0.100000
size  0.100000  0.060000
drill  0.040000
shape_offset  0.000000  0.000000
orientation  90.00
Shape  Rect
Layer  all
$EndPAD
$PAD "3V3"
position  1.400000 -0.100000
size  0.100000  0.060000
drill  0.040000
shape_offset  0.000000  0.000000
orientation  90.00
Shape  Oval
Layer  all
$EndPAD
$PAD "RST"
position  1.300000 -0.100000
size  0.100000  0.060000
drill  0.040000
shape_offset  0.000000  0.000000
orientation  90.00
Shape  Oval
Layer  all
$EndPAD
$PAD "0"
position  2.500000 -2.000000
size  0.100000  0.060000
drill  0.040000
shape_offset  0.000000  0.000000
orientation  90.00
Shape  Oval
Layer  all
$EndPAD
$PAD "1"
position  2.400000 -2.000000
size  0.100000  0.060000
drill  0.040000
shape_offset  0.000000  0.000000
orientation  90.00
Shape  Oval
Layer  all
$EndPAD
$PAD "2"
position  2.300000 -2.000000
size  0.100000  0.060000
drill  0.040000
shape_offset  0.000000  0.000000
orientation  90.00
Shape  Oval
Layer  all
$EndPAD
$PAD "3"
position  2.200000 -2.000000
size  0.100000  0.060000
drill  0.040000
shape_offset  0.000000  0.000000
orientation  90.00
Shape  Oval
Layer  all
$EndPAD
$PAD "4"
position  2.100000 -2.000000
size  0.100000  0.060000
drill  0.040000
shape_offset  0.000000  0.000000
orientation  90.00
Shape  Oval
Layer  all
$EndPAD
$PAD "5"
position  2.000000 -2.000000
size  0.100000  0.060000
drill  0.040000
shape_offset  0.000000  0.000000
orientation  90.00
Shape  Oval
Layer  all
$EndPAD
$PAD "6"
position  1.900000 -2.000000
size  0.100000  0.060000
drill  0.040000
shape_offset  0.000000  0.000000
orientation  90.00
Shape  Oval
Layer  all
$EndPAD
$PAD "7"
position  1.800000 -2.000000
size  0.100000  0.060000
drill  0.040000
shape_offset  0.000000  0.000000
orientation  90.00
Shape  Oval
Layer  all
$EndPAD
$PAD "8"
position  1.640000 -2.000000
size  0.100000  0.060000
drill  0.040000
shape_offset  0.000000  0.000000
orientation  90.00
Shape  Oval
Layer  all
$EndPAD
$PAD "9"
position  1.540000 -2.000000
size  0.100000  0.060000
drill  0.040000
shape_offset  0.000000  0.000000
orientation  90.00
Shape  Oval
Layer  all
$EndPAD
$PAD "10"
position  1.440000 -2.000000
size  0.100000  0.060000
drill  0.040000
shape_offset  0.000000  0.000000
orientation  90.00
Shape  Oval
Layer  all
$EndPAD
$PAD "11"
position  1.340000 -2.000000
size  0.100000  0.060000
drill  0.040000
shape_offset  0.000000  0.000000
orientation  90.00
Shape  Oval
Layer  all
$EndPAD
$PAD "12"
position  1.240000 -2.000000
size  0.100000  0.060000
drill  0.040000
shape_offset  0.000000  0.000000
orientation  90.00
Shape  Oval
Layer  all
$EndPAD
$PAD "13"
position  1.140000 -2.000000
size  0.100000  0.060000
drill  0.040000
shape_offset  0.000000  0.000000
orientation  90.00
Shape  Oval
Layer  all
$EndPAD
$PAD "GND3"
position  1.040000 -2.000000
size  0.100000  0.060000
drill  0.040000
shape_offset  0.000000  0.000000
orientation  90.00
Shape  Rect
Layer  all
$EndPAD
$PAD "AREF"
position  0.940000 -2.000000
size  0.100000  0.060000
drill  0.040000
shape_offset  0.000000  0.000000
orientation  90.00
Shape  Oval
Layer  all
$EndPAD
$PAD "5V"
position  1.500000 -0.100000
size  0.100000  0.060000
drill  0.040000
shape_offset  0.000000  0.000000
orientation  90.00
Shape  Oval
Layer  all
$EndPAD
$PAD "H1"
position  0.550000 -0.100000
size  0.180000  0.180000
drill  0.120000
shape_offset  0.000000  0.000000
orientation  0.00
Shape  Circ
Layer  all
$EndPAD
$PAD "H2"
position  2.600000 -0.300000
size  0.180000  0.180000
drill  0.120000
shape_offset  0.000000  0.000000
orientation  0.00
Shape  Circ
Layer  all
$EndPAD
$PAD "H3"
position  2.600000 -1.400000
size  0.180000  0.180000
drill  0.120000
shape_offset  0.000000  0.000000
orientation  0.00
Shape  Circ
Layer  all
$EndPAD
$PAD "5V"
position  1.200000 -0.100000
size  0.100000  0.060000
drill  0.040000
shape_offset  0.000000  0.000000
orientation  90.00
Shape  Oval
Layer  all
$EndPAD
$PAD "NC"
position  1.100000 -0.100000
size  0.100000  0.060000
drill  0.040000
shape_offset  0.000000  0.000000
orientation  90.00
Shape  Oval
Layer  all
$EndPAD
$PAD "AD4"
position  0.840000 -2.000000
size  0.100000  0.060000
drill  0.040000
shape_offset  0.000000  0.000000
orientation  90.00
Shape  Oval
Layer  all
$EndPAD
$PAD "AD5"
position  0.740000 -2.000000
size  0.100000  0.060000
drill  0.040000
shape_offset  0.000000  0.000000
orientation  90.00
Shape  Oval
Layer  all
$EndPAD
$EndMODULE  SHIELD1

$MODULE "P1"
reference "P1"
value "BCM2835_GPIO"
footprint "Header_GPIO"
attribut none
position  1.670000  1.140000
orientation  0.00
layer component
$SHAPE3D
Na "aLaMode_Libs/3D Modules/conF_13.wrl"
Sc 1.000000 1.000000 1.500000
Of 0.000000 0.050000 -0.025000
Ro 180.000000 0.000000 0.000000
$EndSHAPE3D
$SHAPE3D
Na "aLaMode_Libs/3D Modules/conF_13.wrl"
Sc 1.000000 1.000000 1.500000
Of 0.000000 -0.050000 -0.025000
Ro 180.000000 0.000000 0.000000
$EndSHAPE3D
$SHAPE3D
Na "aLaMode_Libs/3D Modules/pin_strip_13x2.wrl"
Sc 1.000000 1.000000 1.000000
Of 0.000000 0.000000 0.000000
Ro 0.000000 0.000000 0.000000
$EndSHAPE3D
$PAD "1"
position -0.600000  0.050000
size  0.060000  0.060000
drill  0.040000
shape_offset  0.000000  0.000000
orientation  0.00
Shape  Circ
Layer  all
$EndPAD
$PAD "2"
position -0.600000 -0.050000
size  0.060000  0.060000
drill  0.040000
shape_offset  0.000000  0.000000
orientation  0.00
Shape  Circ
Layer  all
$EndPAD
$PAD "3"
position -0.500000  0.050000
size  0.060000  0.060000
drill  0.040000
shape_offset  0.000000  0.000000
orientation  0.00
Shape  Circ
Layer  all
$EndPAD
$PAD "4"
position -0.500000 -0.050000
size  0.060000  0.060000
drill  0.040000
shape_offset  0.000000  0.000000
orientation  0.00
Shape  Circ
Layer  all
$EndPAD
$PAD "5"
position -0.400000  0.050000
size  0.060000  0.060000
drill  0.040000
shape_offset  0.000000  0.000000
orientation  0.00
Shape  Circ
Layer  all
$EndPAD
$PAD "6"
position -0.400000 -0.050000
size  0.060000  0.060000
drill  0.040000
shape_offset  0.000000  0.000000
orientation  0.00
Shape  Rect
Layer  all
$EndPAD
$PAD "7"
position -0.300000  0.050000
size  0.060000  0.060000
drill  0.040000
shape_offset  0.000000  0.000000
orientation  0.00
Shape  Circ
Layer  all
$EndPAD
$PAD "8"
position -0.300000 -0.050000
size  0.060000  0.060000
drill  0.040000
shape_offset  0.000000  0.000000
orientation  0.00
Shape  Circ
Layer  all
$EndPAD
$PAD "9"
position -0.200000  0.050000
size  0.060000  0.060000
drill  0.040000
shape_offset  0.000000  0.000000
orientation  0.00
Shape  Circ
Layer  all
$EndPAD
$PAD "10"
position -0.200000 -0.050000
size  0.060000  0.060000
drill  0.040000
shape_offset  0.000000  0.000000
orientation  0.00
Shape  Circ
Layer  all
$EndPAD
$PAD "11"
position -0.100000  0.050000
size  0.060000  0.060000
drill  0.040000
shape_offset  0.000000  0.000000
orientation  0.00
Shape  Circ
Layer  all
$EndPAD
$PAD "12"
position -0.100000 -0.050000
size  0.060000  0.060000
drill  0.040000
shape_offset  0.000000  0.000000
orientation  0.00
Shape  Circ
Layer  all
$EndPAD
$PAD "13"
position  0.000000  0.050000
size  0.060000  0.060000
drill  0.040000
shape_offset  0.000000  0.000000
orientation  0.00
Shape  Circ
Layer  all
$EndPAD
$PAD "14"
position  0.000000 -0.050000
size  0.060000  0.060000
drill  0.040000
shape_offset  0.000000  0.000000
orientation  0.00
Shape  Circ
Layer  all
$EndPAD
$PAD "15"
position  0.100000  0.050000
size  0.060000  0.060000
drill  0.040000
shape_offset  0.000000  0.000000
orientation  0.00
Shape  Circ
Layer  all
$EndPAD
$PAD "16"
position  0.100000 -0.050000
size  0.060000  0.060000
drill  0.040000
shape_offset  0.000000  0.000000
orientation  0.00
Shape  Circ
Layer  all
$EndPAD
$PAD "17"
position  0.200000  0.050000
size  0.060000  0.060000
drill  0.040000
shape_offset  0.000000  0.000000
orientation  0.00
Shape  Circ
Layer  all
$EndPAD
$PAD "18"
position  0.200000 -0.050000
size  0.060000  0.060000
drill  0.040000
shape_offset  0.000000  0.000000
orientation  0.00
Shape  Circ
Layer  all
$EndPAD
$PAD "19"
position  0.300000  0.050000
size  0.060000  0.060000
drill  0.040000
shape_offset  0.000000  0.000000
orientation  0.00
Shape  Circ
Layer  all
$EndPAD
$PAD "20"
position  0.300000 -0.050000
size  0.060000  0.060000
drill  0.040000
shape_offset  0.000000  0.000000
orientation  0.00
Shape  Circ
Layer  all
$EndPAD
$PAD "21"
position  0.400000  0.050000
size  0.060000  0.060000
drill  0.040000
shape_offset  0.000000  0.000000
orientation  0.00
Shape  Circ
Layer  all
$EndPAD
$PAD "22"
position  0.400000 -0.050000
size  0.060000  0.060000
drill  0.040000
shape_offset  0.000000  0.000000
orientation  0.00
Shape  Circ
Layer  all
$EndPAD
$PAD "23"
position  0.500000  0.050000
size  0.060000  0.060000
drill  0.040000
shape_offset  0.000000  0.000000
orientation  0.00
Shape  Circ
Layer  all
$EndPAD
$PAD "24"
position  0.500000 -0.050000
size  0.060000  0.060000
drill  0.040000
shape_offset  0.000000  0.000000
orientation  0.00
Shape  Circ
Layer  all
$EndPAD
$PAD "25"
position  0.600000  0.050000
size  0.060000  0.060000
drill  0.040000
shape_offset  0.000000  0.000000
orientation  0.00
Shape  Circ
Layer  all
$EndPAD
$PAD "26"
position  0.600000 -0.050000
size  0.060000  0.060000
drill  0.040000
shape_offset  0.000000  0.000000
orientation  0.00
Shape  Circ
Layer  all
$EndPAD
$EndMODULE  P1

$LINE 
start 4.370000 1.000000
end 4.370000 3.125000
width 0.005000
$EndLINE 
$LINE 
start 1.000000 1.000000
end 4.370000 1.000000
width 0.005000
$EndLINE 
$LINE 
start 4.370000 3.125000
end 1.000000 3.125000
width 0.005000
$EndLINE 
$LINE 
start 1.000000 3.125000
end 1.000000 1.000000
width 0.005000
$EndLINE 
$EndDESCRIPTION
